This is pdfTeX, Version 3.141592653-2.6-1.40.22 (TeX Live 2022/dev/Debian) (preloaded format=pdflatex 2025.5.13)  26 NOV 2025 12:39
entering extended mode
 restricted \write18 enabled.
 %&-line parsing enabled.
**summary/master.tex
(./summary/master.tex
LaTeX2e <2021-11-15> patch level 1
L3 programming layer <2022-01-21> (/usr/local/bin/../share/mod/summary.tex
(/usr/local/bin/../share/mod/commonPreamble.tex
(/usr/share/texlive/texmf-dist/tex/latex/base/report.cls
Document Class: report 2021/10/04 v1.4n Standard LaTeX document class
(/usr/share/texlive/texmf-dist/tex/latex/base/size12.clo
File: size12.clo 2021/10/04 v1.4n Standard LaTeX file (size option)
)
\c@part=\count185
\c@chapter=\count186
\c@section=\count187
\c@subsection=\count188
\c@subsubsection=\count189
\c@paragraph=\count190
\c@subparagraph=\count191
\c@figure=\count192
\c@table=\count193
\abovecaptionskip=\skip47
\belowcaptionskip=\skip48
\bibindent=\dimen138
)
(/usr/share/texlive/texmf-dist/tex/latex/etex-pkg/etex.sty
Package: etex 2016/08/01 v2.7 eTeX basic definition package (PEB,DPC)
\et@xins=\count194
)
(/usr/share/texlive/texmf-dist/tex/latex/base/inputenc.sty
Package: inputenc 2021/02/14 v1.3d Input encoding file
\inpenc@prehook=\toks16
\inpenc@posthook=\toks17
)
(/usr/share/texlive/texmf-dist/tex/latex/amsmath/amsmath.sty
Package: amsmath 2021/10/15 v2.17l AMS math features
\@mathmargin=\skip49

For additional information on amsmath, use the `?' option.
(/usr/share/texlive/texmf-dist/tex/latex/amsmath/amstext.sty
Package: amstext 2021/08/26 v2.01 AMS text

(/usr/share/texlive/texmf-dist/tex/latex/amsmath/amsgen.sty
File: amsgen.sty 1999/11/30 v2.0 generic functions
\@emptytoks=\toks18
\ex@=\dimen139
))
(/usr/share/texlive/texmf-dist/tex/latex/amsmath/amsbsy.sty
Package: amsbsy 1999/11/29 v1.2d Bold Symbols
\pmbraise@=\dimen140
)
(/usr/share/texlive/texmf-dist/tex/latex/amsmath/amsopn.sty
Package: amsopn 2021/08/26 v2.02 operator names
)
\inf@bad=\count195
LaTeX Info: Redefining \frac on input line 234.
\uproot@=\count196
\leftroot@=\count197
LaTeX Info: Redefining \overline on input line 399.
\classnum@=\count198
\DOTSCASE@=\count199
LaTeX Info: Redefining \ldots on input line 496.
LaTeX Info: Redefining \dots on input line 499.
LaTeX Info: Redefining \cdots on input line 620.
\Mathstrutbox@=\box50
\strutbox@=\box51
\big@size=\dimen141
LaTeX Font Info:    Redeclaring font encoding OML on input line 743.
LaTeX Font Info:    Redeclaring font encoding OMS on input line 744.
Normal \count register pool exhausted, switching to extended pool.
\macc@depth=\count277
\c@MaxMatrixCols=\count278
\dotsspace@=\muskip16
\c@parentequation=\count279
\dspbrk@lvl=\count280
\tag@help=\toks19
\row@=\count281
\column@=\count282
\maxfields@=\count283
\andhelp@=\toks20
\eqnshift@=\dimen142
\alignsep@=\dimen143
\tagshift@=\dimen144
\tagwidth@=\dimen145
\totwidth@=\dimen146
\lineht@=\dimen147
\@envbody=\toks21
\multlinegap=\skip50
\multlinetaggap=\skip51
\mathdisplay@stack=\toks22
LaTeX Info: Redefining \[ on input line 2938.
LaTeX Info: Redefining \] on input line 2939.
)
(/usr/share/texlive/texmf-dist/tex/latex/amsfonts/amssymb.sty
Package: amssymb 2013/01/14 v3.01 AMS font symbols

(/usr/share/texlive/texmf-dist/tex/latex/amsfonts/amsfonts.sty
Package: amsfonts 2013/01/14 v3.01 Basic AMSFonts support
\symAMSa=\mathgroup4
\symAMSb=\mathgroup5
LaTeX Font Info:    Redeclaring math symbol \hbar on input line 98.
LaTeX Font Info:    Overwriting math alphabet `\mathfrak' in version `bold'
(Font)                  U/euf/m/n --> U/euf/b/n on input line 106.
))
(/usr/share/texlive/texmf-dist/tex/latex/ntgclass/a4.sty
Package: a4 2020/02/18 v1.2g A4 based page layout
)
(/usr/share/texlive/texmf-dist/tex/generic/babel/babel.sty
Package: babel 2022/01/26 3.70 The Babel package
\babel@savecnt=\count284
\U@D=\dimen148
\l@unhyphenated=\language7

(/usr/share/texlive/texmf-dist/tex/generic/babel/txtbabel.def)
\bbl@readstream=\read2
\bbl@dirlevel=\count285

(/usr/share/texlive/texmf-dist/tex/generic/babel-english/english.ldf
Language: english 2017/06/06 v3.3r English support from the babel system
Package babel Info: Hyphen rules for 'british' set to \l@english
(babel)             (\language0). Reported on input line 82.
Package babel Info: Hyphen rules for 'UKenglish' set to \l@english
(babel)             (\language0). Reported on input line 83.
Package babel Info: Hyphen rules for 'canadian' set to \l@english
(babel)             (\language0). Reported on input line 102.
Package babel Info: Hyphen rules for 'australian' set to \l@english
(babel)             (\language0). Reported on input line 105.
Package babel Info: Hyphen rules for 'newzealand' set to \l@english
(babel)             (\language0). Reported on input line 108.
))
(/usr/share/texlive/texmf-dist/tex/latex/graphics/graphicx.sty
Package: graphicx 2021/09/16 v1.2d Enhanced LaTeX Graphics (DPC,SPQR)

(/usr/share/texlive/texmf-dist/tex/latex/graphics/keyval.sty
Package: keyval 2014/10/28 v1.15 key=value parser (DPC)
\KV@toks@=\toks23
)
(/usr/share/texlive/texmf-dist/tex/latex/graphics/graphics.sty
Package: graphics 2021/03/04 v1.4d Standard LaTeX Graphics (DPC,SPQR)

(/usr/share/texlive/texmf-dist/tex/latex/graphics/trig.sty
Package: trig 2021/08/11 v1.11 sin cos tan (DPC)
)
(/usr/share/texlive/texmf-dist/tex/latex/graphics-cfg/graphics.cfg
File: graphics.cfg 2016/06/04 v1.11 sample graphics configuration
)
Package graphics Info: Driver file: pdftex.def on input line 107.

(/usr/share/texlive/texmf-dist/tex/latex/graphics-def/pdftex.def
File: pdftex.def 2020/10/05 v1.2a Graphics/color driver for pdftex
))
\Gin@req@height=\dimen149
\Gin@req@width=\dimen150
)
(/usr/share/texlive/texmf-dist/tex/latex/base/ifthen.sty
Package: ifthen 2020/11/24 v1.1c Standard LaTeX ifthen package (DPC)
)
(/usr/share/texlive/texmf-dist/tex/latex/tools/verbatim.sty
Package: verbatim 2020-07-07 v1.5u LaTeX2e package for verbatim enhancements
\every@verbatim=\toks24
\verbatim@line=\toks25
\verbatim@in@stream=\read3
)
(/usr/share/texlive/texmf-dist/tex/latex/hyperref/hyperref.sty
Package: hyperref 2021-06-07 v7.00m Hypertext links for LaTeX

(/usr/share/texlive/texmf-dist/tex/generic/ltxcmds/ltxcmds.sty
Package: ltxcmds 2020-05-10 v1.25 LaTeX kernel commands for general use (HO)
)
(/usr/share/texlive/texmf-dist/tex/generic/iftex/iftex.sty
Package: iftex 2020/03/06 v1.0d TeX engine tests
)
(/usr/share/texlive/texmf-dist/tex/generic/pdftexcmds/pdftexcmds.sty
Package: pdftexcmds 2020-06-27 v0.33 Utility functions of pdfTeX for LuaTeX (HO
)

(/usr/share/texlive/texmf-dist/tex/generic/infwarerr/infwarerr.sty
Package: infwarerr 2019/12/03 v1.5 Providing info/warning/error messages (HO)
)
Package pdftexcmds Info: \pdf@primitive is available.
Package pdftexcmds Info: \pdf@ifprimitive is available.
Package pdftexcmds Info: \pdfdraftmode found.
)
(/usr/share/texlive/texmf-dist/tex/generic/kvsetkeys/kvsetkeys.sty
Package: kvsetkeys 2019/12/15 v1.18 Key value parser (HO)
)
(/usr/share/texlive/texmf-dist/tex/generic/kvdefinekeys/kvdefinekeys.sty
Package: kvdefinekeys 2019-12-19 v1.6 Define keys (HO)
)
(/usr/share/texlive/texmf-dist/tex/generic/pdfescape/pdfescape.sty
Package: pdfescape 2019/12/09 v1.15 Implements pdfTeX's escape features (HO)
)
(/usr/share/texlive/texmf-dist/tex/latex/hycolor/hycolor.sty
Package: hycolor 2020-01-27 v1.10 Color options for hyperref/bookmark (HO)
)
(/usr/share/texlive/texmf-dist/tex/latex/letltxmacro/letltxmacro.sty
Package: letltxmacro 2019/12/03 v1.6 Let assignment for LaTeX macros (HO)
)
(/usr/share/texlive/texmf-dist/tex/latex/auxhook/auxhook.sty
Package: auxhook 2019-12-17 v1.6 Hooks for auxiliary files (HO)
)
(/usr/share/texlive/texmf-dist/tex/latex/kvoptions/kvoptions.sty
Package: kvoptions 2020-10-07 v3.14 Key value format for package options (HO)
)
\@linkdim=\dimen151
\Hy@linkcounter=\count286
\Hy@pagecounter=\count287

(/usr/share/texlive/texmf-dist/tex/latex/hyperref/pd1enc.def
File: pd1enc.def 2021-06-07 v7.00m Hyperref: PDFDocEncoding definition (HO)
Now handling font encoding PD1 ...
... no UTF-8 mapping file for font encoding PD1
)
(/usr/share/texlive/texmf-dist/tex/latex/hyperref/hyperref-langpatches.def
File: hyperref-langpatches.def 2021-06-07 v7.00m Hyperref: patches for babel la
nguages
)
(/usr/share/texlive/texmf-dist/tex/generic/intcalc/intcalc.sty
Package: intcalc 2019/12/15 v1.3 Expandable calculations with integers (HO)
)
(/usr/share/texlive/texmf-dist/tex/generic/etexcmds/etexcmds.sty
Package: etexcmds 2019/12/15 v1.7 Avoid name clashes with e-TeX commands (HO)
)
\Hy@SavedSpaceFactor=\count288

(/usr/share/texlive/texmf-dist/tex/latex/hyperref/puenc.def
File: puenc.def 2021-06-07 v7.00m Hyperref: PDF Unicode definition (HO)
Now handling font encoding PU ...
... no UTF-8 mapping file for font encoding PU
)
Package hyperref Info: Hyper figures OFF on input line 4192.
Package hyperref Info: Link nesting OFF on input line 4197.
Package hyperref Info: Hyper index ON on input line 4200.
Package hyperref Info: Plain pages OFF on input line 4207.
Package hyperref Info: Backreferencing OFF on input line 4212.
Package hyperref Info: Implicit mode ON; LaTeX internals redefined.
Package hyperref Info: Bookmarks ON on input line 4445.
\c@Hy@tempcnt=\count289

(/usr/share/texlive/texmf-dist/tex/latex/url/url.sty
\Urlmuskip=\muskip17
Package: url 2013/09/16  ver 3.4  Verb mode for urls, etc.
)
LaTeX Info: Redefining \url on input line 4804.
\XeTeXLinkMargin=\dimen152

(/usr/share/texlive/texmf-dist/tex/generic/bitset/bitset.sty
Package: bitset 2019/12/09 v1.3 Handle bit-vector datatype (HO)

(/usr/share/texlive/texmf-dist/tex/generic/bigintcalc/bigintcalc.sty
Package: bigintcalc 2019/12/15 v1.5 Expandable calculations on big integers (HO
)
))
\Fld@menulength=\count290
\Field@Width=\dimen153
\Fld@charsize=\dimen154
Package hyperref Info: Hyper figures OFF on input line 6076.
Package hyperref Info: Link nesting OFF on input line 6081.
Package hyperref Info: Hyper index ON on input line 6084.
Package hyperref Info: backreferencing OFF on input line 6091.
Package hyperref Info: Link coloring OFF on input line 6096.
Package hyperref Info: Link coloring with OCG OFF on input line 6101.
Package hyperref Info: PDF/A mode OFF on input line 6106.
LaTeX Info: Redefining \ref on input line 6146.
LaTeX Info: Redefining \pageref on input line 6150.

(/usr/share/texlive/texmf-dist/tex/latex/base/atbegshi-ltx.sty
Package: atbegshi-ltx 2021/01/10 v1.0c Emulation of the original atbegshi
package with kernel methods
)
\Hy@abspage=\count291
\c@Item=\count292
\c@Hfootnote=\count293
)
Package hyperref Info: Driver (autodetected): hpdftex.

(/usr/share/texlive/texmf-dist/tex/latex/hyperref/hpdftex.def
File: hpdftex.def 2021-06-07 v7.00m Hyperref driver for pdfTeX

(/usr/share/texlive/texmf-dist/tex/latex/base/atveryend-ltx.sty
Package: atveryend-ltx 2020/08/19 v1.0a Emulation of the original atveryend pac
kage
with kernel methods
)
\Fld@listcount=\count294
\c@bookmark@seq@number=\count295

(/usr/share/texlive/texmf-dist/tex/latex/rerunfilecheck/rerunfilecheck.sty
Package: rerunfilecheck 2019/12/05 v1.9 Rerun checks for auxiliary files (HO)

(/usr/share/texlive/texmf-dist/tex/generic/uniquecounter/uniquecounter.sty
Package: uniquecounter 2019/12/15 v1.4 Provide unlimited unique counter (HO)
)
Package uniquecounter Info: New unique counter `rerunfilecheck' on input line 2
86.
)
\Hy@SectionHShift=\skip52
)
(/usr/share/texlive/texmf-dist/tex/latex/siunitx/siunitx.sty
Package: siunitx 2022-02-02 v3.0.46 A comprehensive (SI) units package
\l__siunitx_angle_tmp_dim=\dimen155
\l__siunitx_angle_marker_box=\box52
\l__siunitx_angle_unit_box=\box53
\l__siunitx_compound_count_int=\count296

(/usr/share/texlive/texmf-dist/tex/latex/translations/translations.sty
Package: translations 2022/01/04 v1.11 internationalization of LaTeX2e packages
 (CN)

(/usr/share/texlive/texmf-dist/tex/latex/etoolbox/etoolbox.sty
Package: etoolbox 2020/10/05 v2.5k e-TeX tools for LaTeX (JAW)
\etb@tempcnta=\count297
))
\l__siunitx_number_exponent_fixed_int=\count298
\l__siunitx_number_min_decimal_int=\count299
\l__siunitx_number_min_integer_int=\count300
\l__siunitx_number_round_precision_int=\count301
\l__siunitx_number_group_minimum_int=\count302
\l__siunitx_table_tmp_box=\box54
\l__siunitx_table_tmp_dim=\dimen156
\l__siunitx_table_column_width_dim=\dimen157
\l__siunitx_table_integer_box=\box55
\l__siunitx_table_decimal_box=\box56
\l__siunitx_table_before_box=\box57
\l__siunitx_table_after_box=\box58
\l__siunitx_table_before_dim=\dimen158
\l__siunitx_table_carry_dim=\dimen159
\l__siunitx_unit_tmp_int=\count303
\l__siunitx_unit_position_int=\count304
\l__siunitx_unit_total_int=\count305

(/usr/share/texlive/texmf-dist/tex/latex/l3packages/l3keys2e/l3keys2e.sty
(/usr/share/texlive/texmf-dist/tex/latex/l3kernel/expl3.sty
Package: expl3 2022-01-21 L3 programming layer (loader) 

(/usr/share/texlive/texmf-dist/tex/latex/l3backend/l3backend-pdftex.def
File: l3backend-pdftex.def 2022-01-12 L3 backend support: PDF output (pdfTeX)
\l__color_backend_stack_int=\count306
\l__pdf_internal_box=\box59
))
Package: l3keys2e 2022-01-12 LaTeX2e option processing using LaTeX3 keys
)
(/usr/share/texlive/texmf-dist/tex/latex/tools/array.sty
Package: array 2021/10/04 v2.5f Tabular extension package (FMi)
\col@sep=\dimen160
\ar@mcellbox=\box60
\extrarowheight=\dimen161
\NC@list=\toks26
\extratabsurround=\skip53
\backup@length=\skip54
\ar@cellbox=\box61
))
(/usr/share/texlive/texmf-dist/tex/latex/booktabs/booktabs.sty
Package: booktabs 2020/01/12 v1.61803398 Publication quality tables
\heavyrulewidth=\dimen162
\lightrulewidth=\dimen163
\cmidrulewidth=\dimen164
\belowrulesep=\dimen165
\belowbottomsep=\dimen166
\aboverulesep=\dimen167
\abovetopsep=\dimen168
\cmidrulesep=\dimen169
\cmidrulekern=\dimen170
\defaultaddspace=\dimen171
\@cmidla=\count307
\@cmidlb=\count308
\@aboverulesep=\dimen172
\@belowrulesep=\dimen173
\@thisruleclass=\count309
\@lastruleclass=\count310
\@thisrulewidth=\dimen174
)
(/usr/share/texlive/texmf-dist/tex/latex/caption/subcaption.sty
Package: subcaption 2020/10/07 v1.3j Sub-captions (AR)

(/usr/share/texlive/texmf-dist/tex/latex/caption/caption.sty
Package: caption 2020/10/26 v3.5g Customizing captions (AR)

(/usr/share/texlive/texmf-dist/tex/latex/caption/caption3.sty
Package: caption3 2020/10/21 v2.2e caption3 kernel (AR)
\captionmargin=\dimen175
\captionmargin@=\dimen176
\captionwidth=\dimen177
\caption@tempdima=\dimen178
\caption@indent=\dimen179
\caption@parindent=\dimen180
\caption@hangindent=\dimen181
Package caption Info: Standard document class detected.
)
\c@caption@flags=\count311
\c@continuedfloat=\count312
Package caption Info: hyperref package is loaded.
)
\c@subfigure=\count313
\c@subtable=\count314
))
(/usr/share/texlive/texmf-dist/tex/latex/pgfplots/pgfplots.sty
(/usr/share/texlive/texmf-dist/tex/generic/pgfplots/pgfplots.revision.tex)
Package: pgfplots 2021/05/15 v1.18.1 Data Visualization (1.18.1)

(/usr/share/texlive/texmf-dist/tex/latex/pgf/frontendlayer/tikz.sty
(/usr/share/texlive/texmf-dist/tex/latex/pgf/basiclayer/pgf.sty
(/usr/share/texlive/texmf-dist/tex/latex/pgf/utilities/pgfrcs.sty
(/usr/share/texlive/texmf-dist/tex/generic/pgf/utilities/pgfutil-common.tex
\pgfutil@everybye=\toks27
\pgfutil@tempdima=\dimen182
\pgfutil@tempdimb=\dimen183

(/usr/share/texlive/texmf-dist/tex/generic/pgf/utilities/pgfutil-common-lists.t
ex)) (/usr/share/texlive/texmf-dist/tex/generic/pgf/utilities/pgfutil-latex.def
\pgfutil@abb=\box62
) (/usr/share/texlive/texmf-dist/tex/generic/pgf/utilities/pgfrcs.code.tex
(/usr/share/texlive/texmf-dist/tex/generic/pgf/pgf.revision.tex)
Package: pgfrcs 2021/05/15 v3.1.9a (3.1.9a)
))
Package: pgf 2021/05/15 v3.1.9a (3.1.9a)

(/usr/share/texlive/texmf-dist/tex/latex/pgf/basiclayer/pgfcore.sty
(/usr/share/texlive/texmf-dist/tex/latex/pgf/systemlayer/pgfsys.sty
(/usr/share/texlive/texmf-dist/tex/generic/pgf/systemlayer/pgfsys.code.tex
Package: pgfsys 2021/05/15 v3.1.9a (3.1.9a)

(/usr/share/texlive/texmf-dist/tex/generic/pgf/utilities/pgfkeys.code.tex
\pgfkeys@pathtoks=\toks28
\pgfkeys@temptoks=\toks29

(/usr/share/texlive/texmf-dist/tex/generic/pgf/utilities/pgfkeysfiltered.code.t
ex
\pgfkeys@tmptoks=\toks30
))
\pgf@x=\dimen184
\pgf@y=\dimen185
\pgf@xa=\dimen186
\pgf@ya=\dimen187
\pgf@xb=\dimen188
\pgf@yb=\dimen189
\pgf@xc=\dimen190
\pgf@yc=\dimen191
\pgf@xd=\dimen192
\pgf@yd=\dimen193
\w@pgf@writea=\write3
\r@pgf@reada=\read4
\c@pgf@counta=\count315
\c@pgf@countb=\count316
\c@pgf@countc=\count317
\c@pgf@countd=\count318
\t@pgf@toka=\toks31
\t@pgf@tokb=\toks32
\t@pgf@tokc=\toks33
\pgf@sys@id@count=\count319
 (/usr/share/texlive/texmf-dist/tex/generic/pgf/systemlayer/pgf.cfg
File: pgf.cfg 2021/05/15 v3.1.9a (3.1.9a)
)
Driver file for pgf: pgfsys-pdftex.def

(/usr/share/texlive/texmf-dist/tex/generic/pgf/systemlayer/pgfsys-pdftex.def
File: pgfsys-pdftex.def 2021/05/15 v3.1.9a (3.1.9a)

(/usr/share/texlive/texmf-dist/tex/generic/pgf/systemlayer/pgfsys-common-pdf.de
f
File: pgfsys-common-pdf.def 2021/05/15 v3.1.9a (3.1.9a)
)))
(/usr/share/texlive/texmf-dist/tex/generic/pgf/systemlayer/pgfsyssoftpath.code.
tex
File: pgfsyssoftpath.code.tex 2021/05/15 v3.1.9a (3.1.9a)
\pgfsyssoftpath@smallbuffer@items=\count320
\pgfsyssoftpath@bigbuffer@items=\count321
)
(/usr/share/texlive/texmf-dist/tex/generic/pgf/systemlayer/pgfsysprotocol.code.
tex
File: pgfsysprotocol.code.tex 2021/05/15 v3.1.9a (3.1.9a)
)) (/usr/share/texlive/texmf-dist/tex/latex/xcolor/xcolor.sty
Package: xcolor 2021/10/31 v2.13 LaTeX color extensions (UK)

(/usr/share/texlive/texmf-dist/tex/latex/graphics-cfg/color.cfg
File: color.cfg 2016/01/02 v1.6 sample color configuration
)
Package xcolor Info: Driver file: pdftex.def on input line 227.
Package xcolor Info: Model `cmy' substituted by `cmy0' on input line 1352.
Package xcolor Info: Model `hsb' substituted by `rgb' on input line 1356.
Package xcolor Info: Model `RGB' extended on input line 1368.
Package xcolor Info: Model `HTML' substituted by `rgb' on input line 1370.
Package xcolor Info: Model `Hsb' substituted by `hsb' on input line 1371.
Package xcolor Info: Model `tHsb' substituted by `hsb' on input line 1372.
Package xcolor Info: Model `HSB' substituted by `hsb' on input line 1373.
Package xcolor Info: Model `Gray' substituted by `gray' on input line 1374.
Package xcolor Info: Model `wave' substituted by `hsb' on input line 1375.

(/usr/share/texlive/texmf-dist/tex/latex/graphics/dvipsnam.def
File: dvipsnam.def 2016/06/17 v3.0m Driver-dependent file (DPC,SPQR)
))
(/usr/share/texlive/texmf-dist/tex/generic/pgf/basiclayer/pgfcore.code.tex
Package: pgfcore 2021/05/15 v3.1.9a (3.1.9a)

(/usr/share/texlive/texmf-dist/tex/generic/pgf/math/pgfmath.code.tex
(/usr/share/texlive/texmf-dist/tex/generic/pgf/math/pgfmathcalc.code.tex
(/usr/share/texlive/texmf-dist/tex/generic/pgf/math/pgfmathutil.code.tex)
(/usr/share/texlive/texmf-dist/tex/generic/pgf/math/pgfmathparser.code.tex
\pgfmath@dimen=\dimen194
\pgfmath@count=\count322
\pgfmath@box=\box63
\pgfmath@toks=\toks34
\pgfmath@stack@operand=\toks35
\pgfmath@stack@operation=\toks36
)
(/usr/share/texlive/texmf-dist/tex/generic/pgf/math/pgfmathfunctions.code.tex
(/usr/share/texlive/texmf-dist/tex/generic/pgf/math/pgfmathfunctions.basic.code
.tex)
(/usr/share/texlive/texmf-dist/tex/generic/pgf/math/pgfmathfunctions.trigonomet
ric.code.tex)
(/usr/share/texlive/texmf-dist/tex/generic/pgf/math/pgfmathfunctions.random.cod
e.tex)
(/usr/share/texlive/texmf-dist/tex/generic/pgf/math/pgfmathfunctions.comparison
.code.tex)
(/usr/share/texlive/texmf-dist/tex/generic/pgf/math/pgfmathfunctions.base.code.
tex)
(/usr/share/texlive/texmf-dist/tex/generic/pgf/math/pgfmathfunctions.round.code
.tex)
(/usr/share/texlive/texmf-dist/tex/generic/pgf/math/pgfmathfunctions.misc.code.
tex)
(/usr/share/texlive/texmf-dist/tex/generic/pgf/math/pgfmathfunctions.integerari
thmetics.code.tex)))
(/usr/share/texlive/texmf-dist/tex/generic/pgf/math/pgfmathfloat.code.tex
\c@pgfmathroundto@lastzeros=\count323
))
(/usr/share/texlive/texmf-dist/tex/generic/pgf/math/pgfint.code.tex)
(/usr/share/texlive/texmf-dist/tex/generic/pgf/basiclayer/pgfcorepoints.code.te
x
File: pgfcorepoints.code.tex 2021/05/15 v3.1.9a (3.1.9a)
\pgf@picminx=\dimen195
\pgf@picmaxx=\dimen196
\pgf@picminy=\dimen197
\pgf@picmaxy=\dimen198
\pgf@pathminx=\dimen199
Normal \dimen register pool exhausted, switching to extended pool.
\pgf@pathmaxx=\dimen256
\pgf@pathminy=\dimen257
\pgf@pathmaxy=\dimen258
\pgf@xx=\dimen259
\pgf@xy=\dimen260
\pgf@yx=\dimen261
\pgf@yy=\dimen262
\pgf@zx=\dimen263
\pgf@zy=\dimen264
)
(/usr/share/texlive/texmf-dist/tex/generic/pgf/basiclayer/pgfcorepathconstruct.
code.tex
File: pgfcorepathconstruct.code.tex 2021/05/15 v3.1.9a (3.1.9a)
\pgf@path@lastx=\dimen265
\pgf@path@lasty=\dimen266
)
(/usr/share/texlive/texmf-dist/tex/generic/pgf/basiclayer/pgfcorepathusage.code
.tex
File: pgfcorepathusage.code.tex 2021/05/15 v3.1.9a (3.1.9a)
\pgf@shorten@end@additional=\dimen267
\pgf@shorten@start@additional=\dimen268
)
(/usr/share/texlive/texmf-dist/tex/generic/pgf/basiclayer/pgfcorescopes.code.te
x
File: pgfcorescopes.code.tex 2021/05/15 v3.1.9a (3.1.9a)
\pgfpic=\box64
\pgf@hbox=\box65
\pgf@layerbox@main=\box66
\pgf@picture@serial@count=\count324
)
(/usr/share/texlive/texmf-dist/tex/generic/pgf/basiclayer/pgfcoregraphicstate.c
ode.tex
File: pgfcoregraphicstate.code.tex 2021/05/15 v3.1.9a (3.1.9a)
\pgflinewidth=\dimen269
)
(/usr/share/texlive/texmf-dist/tex/generic/pgf/basiclayer/pgfcoretransformation
s.code.tex
File: pgfcoretransformations.code.tex 2021/05/15 v3.1.9a (3.1.9a)
\pgf@pt@x=\dimen270
\pgf@pt@y=\dimen271
\pgf@pt@temp=\dimen272
)
(/usr/share/texlive/texmf-dist/tex/generic/pgf/basiclayer/pgfcorequick.code.tex
File: pgfcorequick.code.tex 2021/05/15 v3.1.9a (3.1.9a)
)
(/usr/share/texlive/texmf-dist/tex/generic/pgf/basiclayer/pgfcoreobjects.code.t
ex
File: pgfcoreobjects.code.tex 2021/05/15 v3.1.9a (3.1.9a)
)
(/usr/share/texlive/texmf-dist/tex/generic/pgf/basiclayer/pgfcorepathprocessing
.code.tex
File: pgfcorepathprocessing.code.tex 2021/05/15 v3.1.9a (3.1.9a)
)
(/usr/share/texlive/texmf-dist/tex/generic/pgf/basiclayer/pgfcorearrows.code.te
x
File: pgfcorearrows.code.tex 2021/05/15 v3.1.9a (3.1.9a)
\pgfarrowsep=\dimen273
)
(/usr/share/texlive/texmf-dist/tex/generic/pgf/basiclayer/pgfcoreshade.code.tex
File: pgfcoreshade.code.tex 2021/05/15 v3.1.9a (3.1.9a)
\pgf@max=\dimen274
\pgf@sys@shading@range@num=\count325
\pgf@shadingcount=\count326
)
(/usr/share/texlive/texmf-dist/tex/generic/pgf/basiclayer/pgfcoreimage.code.tex
File: pgfcoreimage.code.tex 2021/05/15 v3.1.9a (3.1.9a)

(/usr/share/texlive/texmf-dist/tex/generic/pgf/basiclayer/pgfcoreexternal.code.
tex
File: pgfcoreexternal.code.tex 2021/05/15 v3.1.9a (3.1.9a)
\pgfexternal@startupbox=\box67
))
(/usr/share/texlive/texmf-dist/tex/generic/pgf/basiclayer/pgfcorelayers.code.te
x
File: pgfcorelayers.code.tex 2021/05/15 v3.1.9a (3.1.9a)
)
(/usr/share/texlive/texmf-dist/tex/generic/pgf/basiclayer/pgfcoretransparency.c
ode.tex
File: pgfcoretransparency.code.tex 2021/05/15 v3.1.9a (3.1.9a)
)
(/usr/share/texlive/texmf-dist/tex/generic/pgf/basiclayer/pgfcorepatterns.code.
tex
File: pgfcorepatterns.code.tex 2021/05/15 v3.1.9a (3.1.9a)
)
(/usr/share/texlive/texmf-dist/tex/generic/pgf/basiclayer/pgfcorerdf.code.tex
File: pgfcorerdf.code.tex 2021/05/15 v3.1.9a (3.1.9a)
)))
(/usr/share/texlive/texmf-dist/tex/generic/pgf/modules/pgfmoduleshapes.code.tex
File: pgfmoduleshapes.code.tex 2021/05/15 v3.1.9a (3.1.9a)
\pgfnodeparttextbox=\box68
) (/usr/share/texlive/texmf-dist/tex/generic/pgf/modules/pgfmoduleplot.code.tex
File: pgfmoduleplot.code.tex 2021/05/15 v3.1.9a (3.1.9a)
)
(/usr/share/texlive/texmf-dist/tex/latex/pgf/compatibility/pgfcomp-version-0-65
.sty
Package: pgfcomp-version-0-65 2021/05/15 v3.1.9a (3.1.9a)
\pgf@nodesepstart=\dimen275
\pgf@nodesepend=\dimen276
)
(/usr/share/texlive/texmf-dist/tex/latex/pgf/compatibility/pgfcomp-version-1-18
.sty
Package: pgfcomp-version-1-18 2021/05/15 v3.1.9a (3.1.9a)
)) (/usr/share/texlive/texmf-dist/tex/latex/pgf/utilities/pgffor.sty
(/usr/share/texlive/texmf-dist/tex/latex/pgf/utilities/pgfkeys.sty
(/usr/share/texlive/texmf-dist/tex/generic/pgf/utilities/pgfkeys.code.tex))
(/usr/share/texlive/texmf-dist/tex/latex/pgf/math/pgfmath.sty
(/usr/share/texlive/texmf-dist/tex/generic/pgf/math/pgfmath.code.tex))
(/usr/share/texlive/texmf-dist/tex/generic/pgf/utilities/pgffor.code.tex
Package: pgffor 2021/05/15 v3.1.9a (3.1.9a)

(/usr/share/texlive/texmf-dist/tex/generic/pgf/math/pgfmath.code.tex)
\pgffor@iter=\dimen277
\pgffor@skip=\dimen278
\pgffor@stack=\toks37
\pgffor@toks=\toks38
))
(/usr/share/texlive/texmf-dist/tex/generic/pgf/frontendlayer/tikz/tikz.code.tex
Package: tikz 2021/05/15 v3.1.9a (3.1.9a)

(/usr/share/texlive/texmf-dist/tex/generic/pgf/libraries/pgflibraryplothandlers
.code.tex
File: pgflibraryplothandlers.code.tex 2021/05/15 v3.1.9a (3.1.9a)
\pgf@plot@mark@count=\count327
\pgfplotmarksize=\dimen279
)
\tikz@lastx=\dimen280
\tikz@lasty=\dimen281
\tikz@lastxsaved=\dimen282
\tikz@lastysaved=\dimen283
\tikz@lastmovetox=\dimen284
\tikz@lastmovetoy=\dimen285
\tikzleveldistance=\dimen286
\tikzsiblingdistance=\dimen287
\tikz@figbox=\box69
\tikz@figbox@bg=\box70
\tikz@tempbox=\box71
\tikz@tempbox@bg=\box72
\tikztreelevel=\count328
\tikznumberofchildren=\count329
\tikznumberofcurrentchild=\count330
\tikz@fig@count=\count331

(/usr/share/texlive/texmf-dist/tex/generic/pgf/modules/pgfmodulematrix.code.tex
File: pgfmodulematrix.code.tex 2021/05/15 v3.1.9a (3.1.9a)
\pgfmatrixcurrentrow=\count332
\pgfmatrixcurrentcolumn=\count333
\pgf@matrix@numberofcolumns=\count334
)
\tikz@expandcount=\count335

(/usr/share/texlive/texmf-dist/tex/generic/pgf/frontendlayer/tikz/libraries/tik
zlibrarytopaths.code.tex
File: tikzlibrarytopaths.code.tex 2021/05/15 v3.1.9a (3.1.9a)
)))
(/usr/share/texlive/texmf-dist/tex/generic/pgfplots/pgfplots.code.tex
(/usr/share/texlive/texmf-dist/tex/generic/pgfplots/pgfplotscore.code.tex
\t@pgfplots@toka=\toks39
\t@pgfplots@tokb=\toks40
\t@pgfplots@tokc=\toks41
\pgfplots@tmpa=\dimen288
\c@pgfplots@coordindex=\count336
\c@pgfplots@scanlineindex=\count337

(/usr/share/texlive/texmf-dist/tex/generic/pgfplots/sys/pgfplotssysgeneric.code
.tex))
(/usr/share/texlive/texmf-dist/tex/generic/pgfplots/libs/pgfplotslibrary.code.t
ex)
(/usr/share/texlive/texmf-dist/tex/generic/pgfplots/oldpgfcompatib/pgfplotsoldp
gfsupp_loader.code.tex
(/usr/share/texlive/texmf-dist/tex/generic/pgf/libraries/pgflibraryfpu.code.tex
))
(/usr/share/texlive/texmf-dist/tex/generic/pgfplots/util/pgfplotsutil.code.tex
(/usr/share/texlive/texmf-dist/tex/generic/pgfplots/liststructure/pgfplotslists
tructure.code.tex)
(/usr/share/texlive/texmf-dist/tex/generic/pgfplots/liststructure/pgfplotslists
tructureext.code.tex)
(/usr/share/texlive/texmf-dist/tex/generic/pgfplots/liststructure/pgfplotsarray
.code.tex
\c@pgfplotsarray@tmp=\count338
)
(/usr/share/texlive/texmf-dist/tex/generic/pgfplots/liststructure/pgfplotsmatri
x.code.tex)
(/usr/share/texlive/texmf-dist/tex/generic/pgfplots/numtable/pgfplotstableshare
d.code.tex
\c@pgfplotstable@counta=\count339
\t@pgfplotstable@a=\toks42
)
(/usr/share/texlive/texmf-dist/tex/generic/pgfplots/liststructure/pgfplotsdeque
.code.tex)
(/usr/share/texlive/texmf-dist/tex/generic/pgfplots/util/pgfplotsbinary.code.te
x
(/usr/share/texlive/texmf-dist/tex/generic/pgfplots/util/pgfplotsbinary.data.co
de.tex))
(/usr/share/texlive/texmf-dist/tex/generic/pgfplots/util/pgfplotsutil.verb.code
.tex)
(/usr/share/texlive/texmf-dist/tex/generic/pgfplots/libs/pgflibrarypgfplots.sur
fshading.code.tex
\c@pgfplotslibrarysurf@no=\count340

(/usr/share/texlive/texmf-dist/tex/generic/pgfplots/sys/pgflibrarypgfplots.surf
shading.pgfsys-pdftex.def)))
(/usr/share/texlive/texmf-dist/tex/generic/pgfplots/util/pgfplotscolormap.code.
tex
(/usr/share/texlive/texmf-dist/tex/generic/pgfplots/util/pgfplotscolor.code.tex
))
(/usr/share/texlive/texmf-dist/tex/generic/pgfplots/pgfplotsstackedplots.code.t
ex)
(/usr/share/texlive/texmf-dist/tex/generic/pgfplots/pgfplotsplothandlers.code.t
ex
(/usr/share/texlive/texmf-dist/tex/generic/pgfplots/pgfplotsmeshplothandler.cod
e.tex
(/usr/share/texlive/texmf-dist/tex/generic/pgfplots/pgfplotsmeshplotimage.code.
tex)))
(/usr/share/texlive/texmf-dist/tex/generic/pgfplots/pgfplots.scaling.code.tex)
(/usr/share/texlive/texmf-dist/tex/generic/pgfplots/pgfplotscoordprocessing.cod
e.tex)
(/usr/share/texlive/texmf-dist/tex/generic/pgfplots/pgfplots.errorbars.code.tex
) (/usr/share/texlive/texmf-dist/tex/generic/pgfplots/pgfplots.markers.code.tex
) (/usr/share/texlive/texmf-dist/tex/generic/pgfplots/pgfplotsticks.code.tex)
(/usr/share/texlive/texmf-dist/tex/generic/pgfplots/pgfplots.paths.code.tex)
(/usr/share/texlive/texmf-dist/tex/generic/pgf/frontendlayer/tikz/libraries/tik
zlibrarydecorations.code.tex
(/usr/share/texlive/texmf-dist/tex/generic/pgf/modules/pgfmoduledecorations.cod
e.tex
\pgfdecoratedcompleteddistance=\dimen289
\pgfdecoratedremainingdistance=\dimen290
\pgfdecoratedinputsegmentcompleteddistance=\dimen291
\pgfdecoratedinputsegmentremainingdistance=\dimen292
\pgf@decorate@distancetomove=\dimen293
\pgf@decorate@repeatstate=\count341
\pgfdecorationsegmentamplitude=\dimen294
\pgfdecorationsegmentlength=\dimen295
)
\tikz@lib@dec@box=\box73
)
(/usr/share/texlive/texmf-dist/tex/generic/pgf/frontendlayer/tikz/libraries/tik
zlibrarydecorations.pathmorphing.code.tex
(/usr/share/texlive/texmf-dist/tex/generic/pgf/libraries/decorations/pgflibrary
decorations.pathmorphing.code.tex))
(/usr/share/texlive/texmf-dist/tex/generic/pgf/frontendlayer/tikz/libraries/tik
zlibrarydecorations.pathreplacing.code.tex
(/usr/share/texlive/texmf-dist/tex/generic/pgf/libraries/decorations/pgflibrary
decorations.pathreplacing.code.tex))
(/usr/share/texlive/texmf-dist/tex/generic/pgfplots/libs/tikzlibrarypgfplots.co
ntourlua.code.tex)
\pgfplots@numplots=\count342
\pgfplots@xmin@reg=\dimen296
\pgfplots@xmax@reg=\dimen297
\pgfplots@ymin@reg=\dimen298
\pgfplots@ymax@reg=\dimen299
\pgfplots@zmin@reg=\dimen300
\pgfplots@zmax@reg=\dimen301
)
(/usr/share/texlive/texmf-dist/tex/generic/pgf/frontendlayer/tikz/libraries/tik
zlibraryplotmarks.code.tex
File: tikzlibraryplotmarks.code.tex 2021/05/15 v3.1.9a (3.1.9a)

(/usr/share/texlive/texmf-dist/tex/generic/pgf/libraries/pgflibraryplotmarks.co
de.tex
File: pgflibraryplotmarks.code.tex 2021/05/15 v3.1.9a (3.1.9a)
))) (/usr/local/bin/../share/mod/mod.sty

LaTeX Warning: You have requested package `/usr/local/bin/../share/mod/mod',
               but the package provides `mod'.

Package: mod 2024/01/09 The MØD Package
(/usr/share/texlive/texmf-dist/tex/latex/grffile/grffile.sty
Package: grffile 2019/11/11 v2.1 Extended file name support for graphics (legac
y)
Package grffile Info: This package is an empty stub for compatibility on input 
line 40.
)
(/usr/share/texlive/texmf-dist/tex/generic/pgf/frontendlayer/tikz/libraries/tik
zlibraryshapes.code.tex
File: tikzlibraryshapes.code.tex 2021/05/15 v3.1.9a (3.1.9a)

(/usr/share/texlive/texmf-dist/tex/generic/pgf/frontendlayer/tikz/libraries/tik
zlibraryshapes.geometric.code.tex
File: tikzlibraryshapes.geometric.code.tex 2021/05/15 v3.1.9a (3.1.9a)

(/usr/share/texlive/texmf-dist/tex/generic/pgf/libraries/shapes/pgflibraryshape
s.geometric.code.tex
File: pgflibraryshapes.geometric.code.tex 2021/05/15 v3.1.9a (3.1.9a)
))
(/usr/share/texlive/texmf-dist/tex/generic/pgf/frontendlayer/tikz/libraries/tik
zlibraryshapes.misc.code.tex
File: tikzlibraryshapes.misc.code.tex 2021/05/15 v3.1.9a (3.1.9a)

(/usr/share/texlive/texmf-dist/tex/generic/pgf/libraries/shapes/pgflibraryshape
s.misc.code.tex
File: pgflibraryshapes.misc.code.tex 2021/05/15 v3.1.9a (3.1.9a)
))
(/usr/share/texlive/texmf-dist/tex/generic/pgf/frontendlayer/tikz/libraries/tik
zlibraryshapes.symbols.code.tex
File: tikzlibraryshapes.symbols.code.tex 2021/05/15 v3.1.9a (3.1.9a)

(/usr/share/texlive/texmf-dist/tex/generic/pgf/libraries/shapes/pgflibraryshape
s.symbols.code.tex
File: pgflibraryshapes.symbols.code.tex 2021/05/15 v3.1.9a (3.1.9a)
))
(/usr/share/texlive/texmf-dist/tex/generic/pgf/frontendlayer/tikz/libraries/tik
zlibraryshapes.arrows.code.tex
File: tikzlibraryshapes.arrows.code.tex 2021/05/15 v3.1.9a (3.1.9a)

(/usr/share/texlive/texmf-dist/tex/generic/pgf/libraries/shapes/pgflibraryshape
s.arrows.code.tex
File: pgflibraryshapes.arrows.code.tex 2021/05/15 v3.1.9a (3.1.9a)
))
(/usr/share/texlive/texmf-dist/tex/generic/pgf/frontendlayer/tikz/libraries/tik
zlibraryshapes.callouts.code.tex
(/usr/share/texlive/texmf-dist/tex/generic/pgf/libraries/shapes/pgflibraryshape
s.callouts.code.tex))
(/usr/share/texlive/texmf-dist/tex/generic/pgf/frontendlayer/tikz/libraries/tik
zlibraryshapes.multipart.code.tex
File: tikzlibraryshapes.multipart.code.tex 2021/05/15 v3.1.9a (3.1.9a)

(/usr/share/texlive/texmf-dist/tex/generic/pgf/libraries/shapes/pgflibraryshape
s.multipart.code.tex
File: pgflibraryshapes.multipart.code.tex 2021/05/15 v3.1.9a (3.1.9a)
\pgfnodepartlowerbox=\box74
\pgfnodeparttwobox=\box75
\pgfnodepartthreebox=\box76
\pgfnodepartfourbox=\box77
\pgfnodeparttwentybox=\box78
\pgfnodepartnineteenbox=\box79
\pgfnodeparteighteenbox=\box80
\pgfnodepartseventeenbox=\box81
\pgfnodepartsixteenbox=\box82
\pgfnodepartfifteenbox=\box83
\pgfnodepartfourteenbox=\box84
\pgfnodepartthirteenbox=\box85
\pgfnodeparttwelvebox=\box86
\pgfnodepartelevenbox=\box87
\pgfnodeparttenbox=\box88
\pgfnodepartninebox=\box89
\pgfnodeparteightbox=\box90
\pgfnodepartsevenbox=\box91
\pgfnodepartsixbox=\box92
\pgfnodepartfivebox=\box93
)))
(/usr/share/texlive/texmf-dist/tex/generic/pgf/frontendlayer/tikz/libraries/tik
zlibrarypositioning.code.tex
File: tikzlibrarypositioning.code.tex 2021/05/15 v3.1.9a (3.1.9a)
)
(/usr/share/texlive/texmf-dist/tex/generic/pgf/frontendlayer/tikz/libraries/tik
zlibraryarrows.code.tex
File: tikzlibraryarrows.code.tex 2021/05/15 v3.1.9a (3.1.9a)

(/usr/share/texlive/texmf-dist/tex/generic/pgf/libraries/pgflibraryarrows.code.
tex
File: pgflibraryarrows.code.tex 2021/05/15 v3.1.9a (3.1.9a)
\arrowsize=\dimen302
))
(/usr/share/texlive/texmf-dist/tex/generic/pgf/frontendlayer/tikz/libraries/tik
zlibraryfit.code.tex
File: tikzlibraryfit.code.tex 2021/05/15 v3.1.9a (3.1.9a)
)
(/usr/share/texlive/texmf-dist/tex/generic/pgf/frontendlayer/tikz/libraries/tik
zlibrarycalc.code.tex
File: tikzlibrarycalc.code.tex 2021/05/15 v3.1.9a (3.1.9a)
)
(/usr/share/texlive/texmf-dist/tex/generic/pgf/frontendlayer/tikz/libraries/tik
zlibrarymatrix.code.tex
File: tikzlibrarymatrix.code.tex 2021/05/15 v3.1.9a (3.1.9a)
)
(/usr/share/texlive/texmf-dist/tex/generic/pgf/frontendlayer/tikz/libraries/tik
zlibraryshadows.code.tex
File: tikzlibraryshadows.code.tex 2021/05/15 v3.1.9a (3.1.9a)

(/usr/share/texlive/texmf-dist/tex/generic/pgf/frontendlayer/tikz/libraries/tik
zlibraryfadings.code.tex
File: tikzlibraryfadings.code.tex 2021/05/15 v3.1.9a (3.1.9a)

(/usr/share/texlive/texmf-dist/tex/generic/pgf/libraries/pgflibraryfadings.code
.tex
File: pgflibraryfadings.code.tex 2021/05/15 v3.1.9a (3.1.9a)
)))
\mod@figOutput=\write4
\c@mod@figCounter=\count343
\mod@testWidth=\skip55
) (/usr/share/texlive/texmf-dist/tex/latex/preprint/fullpage.sty
Package: fullpage 1999/02/23 1.1 (PWD)
\FP@margin=\skip56
)
(/usr/share/texlive/texmf-dist/tex/latex/fancyhdr/fancyhdr.sty
Package: fancyhdr 2021/01/28 v4.0.1 Extensive control of page headers and foote
rs
\f@nch@headwidth=\skip57
\f@nch@O@elh=\skip58
\f@nch@O@erh=\skip59
\f@nch@O@olh=\skip60
\f@nch@O@orh=\skip61
\f@nch@O@elf=\skip62
\f@nch@O@erf=\skip63
\f@nch@O@olf=\skip64
\f@nch@O@orf=\skip65
)
(/usr/share/texlive/texmf-dist/tex/latex/lastpage/lastpage.sty
Package: lastpage 2021/09/03 v1.2n Refers to last page's name (HMM; JPG)
)
(/usr/share/texlive/texmf-dist/tex/latex/listings/listings.sty
\lst@mode=\count344
\lst@gtempboxa=\box94
\lst@token=\toks43
\lst@length=\count345
\lst@currlwidth=\dimen303
\lst@column=\count346
\lst@pos=\count347
\lst@lostspace=\dimen304
\lst@width=\dimen305
\lst@newlines=\count348
\lst@lineno=\count349
\lst@maxwidth=\dimen306

(/usr/share/texlive/texmf-dist/tex/latex/listings/lstmisc.sty
File: lstmisc.sty 2020/03/24 1.8d (Carsten Heinz)
\c@lstnumber=\count350
\lst@skipnumbers=\count351
\lst@framebox=\box95
)
(/usr/share/texlive/texmf-dist/tex/latex/listings/listings.cfg
File: listings.cfg 2020/03/24 1.8d listings configuration
))
Package: listings 2020/03/24 1.8d (Carsten Heinz)

(/usr/share/texlive/texmf-dist/tex/latex/float/float.sty
Package: float 2001/11/08 v1.3d Float enhancements (AL)
\c@float@type=\count352
\float@exts=\toks44
\float@box=\box96
\@float@everytoks=\toks45
\@floatcapt=\box97
)
(/usr/share/texlive/texmf-dist/tex/latex/tools/longtable.sty
Package: longtable 2021-09-01 v4.17 Multi-page Table package (DPC)
\LTleft=\skip66
\LTright=\skip67
\LTpre=\skip68
\LTpost=\skip69
\LTchunksize=\count353
\LTcapwidth=\dimen307
\LT@head=\box98
\LT@firsthead=\box99
\LT@foot=\box100
\LT@lastfoot=\box101
\LT@gbox=\box102
\LT@cols=\count354
\LT@rows=\count355
\c@LT@tables=\count356
\c@LT@chunks=\count357
\LT@p@ftn=\toks46
)
(/usr/share/texlive/texmf-dist/tex/latex/base/fontenc.sty
Package: fontenc 2021/04/29 v2.0v Standard LaTeX package
)
(/usr/share/texmf/tex/latex/lm/lmodern.sty
Package: lmodern 2009/10/30 v1.6 Latin Modern Fonts
LaTeX Font Info:    Overwriting symbol font `operators' in version `normal'
(Font)                  OT1/cmr/m/n --> OT1/lmr/m/n on input line 22.
LaTeX Font Info:    Overwriting symbol font `letters' in version `normal'
(Font)                  OML/cmm/m/it --> OML/lmm/m/it on input line 23.
LaTeX Font Info:    Overwriting symbol font `symbols' in version `normal'
(Font)                  OMS/cmsy/m/n --> OMS/lmsy/m/n on input line 24.
LaTeX Font Info:    Overwriting symbol font `largesymbols' in version `normal'
(Font)                  OMX/cmex/m/n --> OMX/lmex/m/n on input line 25.
LaTeX Font Info:    Overwriting symbol font `operators' in version `bold'
(Font)                  OT1/cmr/bx/n --> OT1/lmr/bx/n on input line 26.
LaTeX Font Info:    Overwriting symbol font `letters' in version `bold'
(Font)                  OML/cmm/b/it --> OML/lmm/b/it on input line 27.
LaTeX Font Info:    Overwriting symbol font `symbols' in version `bold'
(Font)                  OMS/cmsy/b/n --> OMS/lmsy/b/n on input line 28.
LaTeX Font Info:    Overwriting symbol font `largesymbols' in version `bold'
(Font)                  OMX/cmex/m/n --> OMX/lmex/m/n on input line 29.
LaTeX Font Info:    Overwriting math alphabet `\mathbf' in version `normal'
(Font)                  OT1/cmr/bx/n --> OT1/lmr/bx/n on input line 31.
LaTeX Font Info:    Overwriting math alphabet `\mathsf' in version `normal'
(Font)                  OT1/cmss/m/n --> OT1/lmss/m/n on input line 32.
LaTeX Font Info:    Overwriting math alphabet `\mathit' in version `normal'
(Font)                  OT1/cmr/m/it --> OT1/lmr/m/it on input line 33.
LaTeX Font Info:    Overwriting math alphabet `\mathtt' in version `normal'
(Font)                  OT1/cmtt/m/n --> OT1/lmtt/m/n on input line 34.
LaTeX Font Info:    Overwriting math alphabet `\mathbf' in version `bold'
(Font)                  OT1/cmr/bx/n --> OT1/lmr/bx/n on input line 35.
LaTeX Font Info:    Overwriting math alphabet `\mathsf' in version `bold'
(Font)                  OT1/cmss/bx/n --> OT1/lmss/bx/n on input line 36.
LaTeX Font Info:    Overwriting math alphabet `\mathit' in version `bold'
(Font)                  OT1/cmr/bx/it --> OT1/lmr/bx/it on input line 37.
LaTeX Font Info:    Overwriting math alphabet `\mathtt' in version `bold'
(Font)                  OT1/cmtt/m/n --> OT1/lmtt/m/n on input line 38.
)
(/usr/share/texlive/texmf-dist/tex/latex/colortbl/colortbl.sty
Package: colortbl 2020/01/04 v1.0e Color table columns (DPC)
\everycr=\toks47
\minrowclearance=\skip70
)
\testwd=\skip71
\testht=\skip72
LaTeX Font Info:    Trying to load font information for T1+lmr on input line 35
7.

(/usr/share/texmf/tex/latex/lm/t1lmr.fd
File: t1lmr.fd 2009/10/30 v1.6 Font defs for Latin Modern
) (summary/summary.aux)
\openout1 = `summary.aux'.

LaTeX Font Info:    Checking defaults for OML/cmm/m/it on input line 357.
LaTeX Font Info:    ... okay on input line 357.
LaTeX Font Info:    Checking defaults for OMS/cmsy/m/n on input line 357.
LaTeX Font Info:    ... okay on input line 357.
LaTeX Font Info:    Checking defaults for OT1/cmr/m/n on input line 357.
LaTeX Font Info:    ... okay on input line 357.
LaTeX Font Info:    Checking defaults for T1/cmr/m/n on input line 357.
LaTeX Font Info:    ... okay on input line 357.
LaTeX Font Info:    Checking defaults for TS1/cmr/m/n on input line 357.
LaTeX Font Info:    ... okay on input line 357.
LaTeX Font Info:    Checking defaults for OMX/cmex/m/n on input line 357.
LaTeX Font Info:    ... okay on input line 357.
LaTeX Font Info:    Checking defaults for U/cmr/m/n on input line 357.
LaTeX Font Info:    ... okay on input line 357.
LaTeX Font Info:    Checking defaults for PD1/pdf/m/n on input line 357.
LaTeX Font Info:    ... okay on input line 357.
LaTeX Font Info:    Checking defaults for PU/pdf/m/n on input line 357.
LaTeX Font Info:    ... okay on input line 357.

(/usr/share/texlive/texmf-dist/tex/context/base/mkii/supp-pdf.mkii
[Loading MPS to PDF converter (version 2006.09.02).]
\scratchcounter=\count358
\scratchdimen=\dimen308
\scratchbox=\box103
\nofMPsegments=\count359
\nofMParguments=\count360
\everyMPshowfont=\toks48
\MPscratchCnt=\count361
\MPscratchDim=\dimen309
\MPnumerator=\count362
\makeMPintoPDFobject=\count363
\everyMPtoPDFconversion=\toks49
) (/usr/share/texlive/texmf-dist/tex/latex/epstopdf-pkg/epstopdf-base.sty
Package: epstopdf-base 2020-01-24 v2.11 Base part for package epstopdf
Package epstopdf-base Info: Redefining graphics rule for `.eps' on input line 4
85.

(/usr/share/texlive/texmf-dist/tex/latex/latexconfig/epstopdf-sys.cfg
File: epstopdf-sys.cfg 2010/07/13 v1.3 Configuration of (r)epstopdf for TeX Liv
e
))
Package hyperref Info: Link coloring OFF on input line 357.

(/usr/share/texlive/texmf-dist/tex/latex/hyperref/nameref.sty
Package: nameref 2021-04-02 v2.47 Cross-referencing by name of section

(/usr/share/texlive/texmf-dist/tex/latex/refcount/refcount.sty
Package: refcount 2019/12/15 v3.6 Data extraction from label references (HO)
)
(/usr/share/texlive/texmf-dist/tex/generic/gettitlestring/gettitlestring.sty
Package: gettitlestring 2019/12/15 v1.6 Cleanup title references (HO)
)
\c@section@level=\count364
)
LaTeX Info: Redefining \ref on input line 357.
LaTeX Info: Redefining \pageref on input line 357.
LaTeX Info: Redefining \nameref on input line 357.

(summary/summary.out) (summary/summary.out)
\@outlinefile=\write5
\openout5 = `summary.out'.


(/usr/share/texlive/texmf-dist/tex/latex/translations/translations-basic-dictio
nary-english.trsl
File: translations-basic-dictionary-english.trsl (english translation file `tra
nslations-basic-dictionary')
)
Package translations Info: loading dictionary `translations-basic-dictionary' f
or `english'. on input line 357.
Package caption Info: Begin \AtBeginDocument code.
Package caption Info: float package is loaded.
Package caption Info: listings package is loaded.
Package caption Info: longtable package is loaded.

(/usr/share/texlive/texmf-dist/tex/latex/caption/ltcaption.sty
Package: ltcaption 2020/05/30 v1.4b longtable captions (AR)
)
Package caption Info: End \AtBeginDocument code.


Package pgfplots Warning: running in backwards compatibility mode (unsuitable t
ick labels; missing features). Consider writing \pgfplotsset{compat=1.18} into 
your preamble.
 on input line 357.

Package lastpage Info: Please have a look at the pageslts package at
(lastpage)             https://www.ctan.org/pkg/pageslts
(lastpage)             ! on input line 357.
\c@lstlisting=\count365
LaTeX Font Info:    Trying to load font information for OT1+lmr on input line 3
59.
(/usr/share/texmf/tex/latex/lm/ot1lmr.fd
File: ot1lmr.fd 2009/10/30 v1.6 Font defs for Latin Modern
)
LaTeX Font Info:    Trying to load font information for OML+lmm on input line 3
59.

(/usr/share/texmf/tex/latex/lm/omllmm.fd
File: omllmm.fd 2009/10/30 v1.6 Font defs for Latin Modern
)
LaTeX Font Info:    Trying to load font information for OMS+lmsy on input line 
359.

(/usr/share/texmf/tex/latex/lm/omslmsy.fd
File: omslmsy.fd 2009/10/30 v1.6 Font defs for Latin Modern
)
LaTeX Font Info:    Trying to load font information for OMX+lmex on input line 
359.

(/usr/share/texmf/tex/latex/lm/omxlmex.fd
File: omxlmex.fd 2009/10/30 v1.6 Font defs for Latin Modern
)
LaTeX Font Info:    External font `lmex10' loaded for size
(Font)              <14.4> on input line 359.
LaTeX Font Info:    External font `lmex10' loaded for size
(Font)              <10> on input line 359.
LaTeX Font Info:    External font `lmex10' loaded for size
(Font)              <7> on input line 359.
LaTeX Font Info:    Trying to load font information for U+msa on input line 359
.

(/usr/share/texlive/texmf-dist/tex/latex/amsfonts/umsa.fd
File: umsa.fd 2013/01/14 v3.01 AMS symbols A
)
LaTeX Font Info:    Trying to load font information for U+msb on input line 359
.

(/usr/share/texlive/texmf-dist/tex/latex/amsfonts/umsb.fd
File: umsb.fd 2013/01/14 v3.01 AMS symbols B
)

LaTeX Warning: No \author given.

[1

{/var/lib/texmf/fonts/map/pdftex/updmap/pdftex.map}] (summary/summary.toc
LaTeX Font Info:    External font `lmex10' loaded for size
(Font)              <12> on input line 2.
LaTeX Font Info:    External font `lmex10' loaded for size
(Font)              <8> on input line 2.
LaTeX Font Info:    External font `lmex10' loaded for size
(Font)              <6> on input line 2.
LaTeX Font Info:    Trying to load font information for T1+lmtt on input line 9
.

(/usr/share/texmf/tex/latex/lm/t1lmtt.fd
File: t1lmtt.fd 2009/10/30 v1.6 Font defs for Latin Modern
))
\tf@toc=\write6
\openout6 = `summary.toc'.

pdfTeX warning (ext4): destination with the same identifier (name{page.1}) has 
been already used, duplicate ignored
<to be read again> 
                   \relax 
l.360 \newpage
               [1

] (./summary/all.tex
<out/001_r_0_10300000_L.pdf, id=84, 223.57529pt x 183.57584pt>
File: out/001_r_0_10300000_L.pdf Graphic file (type pdf)
<use out/001_r_0_10300000_L.pdf>
Package pdftex.def Info: out/001_r_0_10300000_L.pdf  used on input line 2.
(pdftex.def)             Requested size: 223.57474pt x 183.57536pt.
File: out/001_r_0_10300000_L.pdf Graphic file (type pdf)
<use out/001_r_0_10300000_L.pdf>
Package pdftex.def Info: out/001_r_0_10300000_L.pdf  used on input line 2.
(pdftex.def)             Requested size: 223.57474pt x 183.57536pt.

out/001_r_0_10300000_L width=223.57474pt, hight=183.57536pt, pagewidth=143.4012
6pt, pageheight=729.6886pt
File: out/001_r_0_10300000_L.pdf Graphic file (type pdf)
<use out/001_r_0_10300000_L.pdf>
Package pdftex.def Info: out/001_r_0_10300000_L.pdf  used on input line 2.
(pdftex.def)             Requested size: 143.40837pt x 117.75142pt.
<out/001_r_0_10300000_K.pdf, id=85, 223.57529pt x 183.57584pt>
File: out/001_r_0_10300000_K.pdf Graphic file (type pdf)
<use out/001_r_0_10300000_K.pdf>
Package pdftex.def Info: out/001_r_0_10300000_K.pdf  used on input line 2.
(pdftex.def)             Requested size: 223.57474pt x 183.57536pt.
File: out/001_r_0_10300000_K.pdf Graphic file (type pdf)
<use out/001_r_0_10300000_K.pdf>
Package pdftex.def Info: out/001_r_0_10300000_K.pdf  used on input line 2.
(pdftex.def)             Requested size: 223.57474pt x 183.57536pt.

out/001_r_0_10300000_K width=223.57474pt, hight=183.57536pt, pagewidth=143.4012
6pt, pageheight=729.6886pt
File: out/001_r_0_10300000_K.pdf Graphic file (type pdf)
<use out/001_r_0_10300000_K.pdf>
Package pdftex.def Info: out/001_r_0_10300000_K.pdf  used on input line 2.
(pdftex.def)             Requested size: 143.40837pt x 117.75142pt.
<out/001_r_0_10300000_R.pdf, id=86, 223.57529pt x 183.57584pt>
File: out/001_r_0_10300000_R.pdf Graphic file (type pdf)
<use out/001_r_0_10300000_R.pdf>
Package pdftex.def Info: out/001_r_0_10300000_R.pdf  used on input line 2.
(pdftex.def)             Requested size: 223.57474pt x 183.57536pt.
File: out/001_r_0_10300000_R.pdf Graphic file (type pdf)
<use out/001_r_0_10300000_R.pdf>
Package pdftex.def Info: out/001_r_0_10300000_R.pdf  used on input line 2.
(pdftex.def)             Requested size: 223.57474pt x 183.57536pt.

out/001_r_0_10300000_R width=223.57474pt, hight=183.57536pt, pagewidth=143.4012
6pt, pageheight=729.6886pt
File: out/001_r_0_10300000_R.pdf Graphic file (type pdf)
<use out/001_r_0_10300000_R.pdf>
Package pdftex.def Info: out/001_r_0_10300000_R.pdf  used on input line 2.
(pdftex.def)             Requested size: 143.40837pt x 117.75142pt.
<out/003_r_0_11300100_L.pdf, id=87, 181.71889pt x 160.85396pt>
File: out/003_r_0_11300100_L.pdf Graphic file (type pdf)
<use out/003_r_0_11300100_L.pdf>
Package pdftex.def Info: out/003_r_0_11300100_L.pdf  used on input line 2.
(pdftex.def)             Requested size: 181.71843pt x 160.85355pt.
File: out/003_r_0_11300100_L.pdf Graphic file (type pdf)
<use out/003_r_0_11300100_L.pdf>
Package pdftex.def Info: out/003_r_0_11300100_L.pdf  used on input line 2.
(pdftex.def)             Requested size: 181.71843pt x 160.85355pt.

out/003_r_0_11300100_L width=181.71843pt, hight=160.85355pt, pagewidth=143.4012
6pt, pageheight=729.6886pt
File: out/003_r_0_11300100_L.pdf Graphic file (type pdf)
<use out/003_r_0_11300100_L.pdf>
Package pdftex.def Info: out/003_r_0_11300100_L.pdf  used on input line 2.
(pdftex.def)             Requested size: 143.41214pt x 126.94559pt.
<out/003_r_0_11300100_K.pdf, id=88, 181.71889pt x 160.85396pt>
File: out/003_r_0_11300100_K.pdf Graphic file (type pdf)
<use out/003_r_0_11300100_K.pdf>
Package pdftex.def Info: out/003_r_0_11300100_K.pdf  used on input line 2.
(pdftex.def)             Requested size: 181.71843pt x 160.85355pt.
File: out/003_r_0_11300100_K.pdf Graphic file (type pdf)
<use out/003_r_0_11300100_K.pdf>
Package pdftex.def Info: out/003_r_0_11300100_K.pdf  used on input line 2.
(pdftex.def)             Requested size: 181.71843pt x 160.85355pt.

out/003_r_0_11300100_K width=181.71843pt, hight=160.85355pt, pagewidth=143.4012
6pt, pageheight=729.6886pt
File: out/003_r_0_11300100_K.pdf Graphic file (type pdf)
<use out/003_r_0_11300100_K.pdf>
Package pdftex.def Info: out/003_r_0_11300100_K.pdf  used on input line 2.
(pdftex.def)             Requested size: 143.41214pt x 126.94559pt.
<out/003_r_0_11300100_R.pdf, id=89, 181.71889pt x 160.85396pt>
File: out/003_r_0_11300100_R.pdf Graphic file (type pdf)
<use out/003_r_0_11300100_R.pdf>
Package pdftex.def Info: out/003_r_0_11300100_R.pdf  used on input line 2.
(pdftex.def)             Requested size: 181.71843pt x 160.85355pt.
File: out/003_r_0_11300100_R.pdf Graphic file (type pdf)
<use out/003_r_0_11300100_R.pdf>
Package pdftex.def Info: out/003_r_0_11300100_R.pdf  used on input line 2.
(pdftex.def)             Requested size: 181.71843pt x 160.85355pt.

out/003_r_0_11300100_R width=181.71843pt, hight=160.85355pt, pagewidth=143.4012
6pt, pageheight=729.6886pt
File: out/003_r_0_11300100_R.pdf Graphic file (type pdf)
<use out/003_r_0_11300100_R.pdf>
Package pdftex.def Info: out/003_r_0_11300100_R.pdf  used on input line 2.
(pdftex.def)             Requested size: 143.41214pt x 126.94559pt.
 (./out/004_r_0_constraints.tex)
<out/006_r_1_10300000_L.pdf, id=90, 156.77872pt x 231.4788pt>
File: out/006_r_1_10300000_L.pdf Graphic file (type pdf)
<use out/006_r_1_10300000_L.pdf>
Package pdftex.def Info: out/006_r_1_10300000_L.pdf  used on input line 3.
(pdftex.def)             Requested size: 156.77832pt x 231.47823pt.
File: out/006_r_1_10300000_L.pdf Graphic file (type pdf)
<use out/006_r_1_10300000_L.pdf>
Package pdftex.def Info: out/006_r_1_10300000_L.pdf  used on input line 3.
(pdftex.def)             Requested size: 156.77832pt x 231.47823pt.

out/006_r_1_10300000_L width=156.77832pt, hight=231.47823pt, pagewidth=143.4012
6pt, pageheight=729.6886pt
File: out/006_r_1_10300000_L.pdf Graphic file (type pdf)
<use out/006_r_1_10300000_L.pdf>
Package pdftex.def Info: out/006_r_1_10300000_L.pdf  used on input line 3.
(pdftex.def)             Requested size: 143.41283pt x 211.7445pt.
<out/006_r_1_10300000_K.pdf, id=91, 156.77872pt x 231.4788pt>
File: out/006_r_1_10300000_K.pdf Graphic file (type pdf)
<use out/006_r_1_10300000_K.pdf>
Package pdftex.def Info: out/006_r_1_10300000_K.pdf  used on input line 3.
(pdftex.def)             Requested size: 156.77832pt x 231.47823pt.
File: out/006_r_1_10300000_K.pdf Graphic file (type pdf)
<use out/006_r_1_10300000_K.pdf>
Package pdftex.def Info: out/006_r_1_10300000_K.pdf  used on input line 3.
(pdftex.def)             Requested size: 156.77832pt x 231.47823pt.

out/006_r_1_10300000_K width=156.77832pt, hight=231.47823pt, pagewidth=143.4012
6pt, pageheight=729.6886pt
File: out/006_r_1_10300000_K.pdf Graphic file (type pdf)
<use out/006_r_1_10300000_K.pdf>
Package pdftex.def Info: out/006_r_1_10300000_K.pdf  used on input line 3.
(pdftex.def)             Requested size: 143.41283pt x 211.7445pt.
<out/006_r_1_10300000_R.pdf, id=92, 156.77872pt x 231.4788pt>
File: out/006_r_1_10300000_R.pdf Graphic file (type pdf)
<use out/006_r_1_10300000_R.pdf>
Package pdftex.def Info: out/006_r_1_10300000_R.pdf  used on input line 3.
(pdftex.def)             Requested size: 156.77832pt x 231.47823pt.
File: out/006_r_1_10300000_R.pdf Graphic file (type pdf)
<use out/006_r_1_10300000_R.pdf>
Package pdftex.def Info: out/006_r_1_10300000_R.pdf  used on input line 3.
(pdftex.def)             Requested size: 156.77832pt x 231.47823pt.

out/006_r_1_10300000_R width=156.77832pt, hight=231.47823pt, pagewidth=143.4012
6pt, pageheight=729.6886pt
File: out/006_r_1_10300000_R.pdf Graphic file (type pdf)
<use out/006_r_1_10300000_R.pdf>
Package pdftex.def Info: out/006_r_1_10300000_R.pdf  used on input line 3.
(pdftex.def)             Requested size: 143.41283pt x 211.7445pt.
<out/008_r_1_11300100_L.pdf, id=93, 177.83438pt x 156.24173pt>
File: out/008_r_1_11300100_L.pdf Graphic file (type pdf)
<use out/008_r_1_11300100_L.pdf>
Package pdftex.def Info: out/008_r_1_11300100_L.pdf  used on input line 3.
(pdftex.def)             Requested size: 177.83394pt x 156.24133pt.
File: out/008_r_1_11300100_L.pdf Graphic file (type pdf)
<use out/008_r_1_11300100_L.pdf>
Package pdftex.def Info: out/008_r_1_11300100_L.pdf  used on input line 3.
(pdftex.def)             Requested size: 177.83394pt x 156.24133pt.

out/008_r_1_11300100_L width=177.83394pt, hight=156.24133pt, pagewidth=143.4012
6pt, pageheight=729.6886pt
File: out/008_r_1_11300100_L.pdf Graphic file (type pdf)
<use out/008_r_1_11300100_L.pdf>
Package pdftex.def Info: out/008_r_1_11300100_L.pdf  used on input line 3.
(pdftex.def)             Requested size: 143.40465pt x 125.99245pt.
<out/008_r_1_11300100_K.pdf, id=94, 177.83438pt x 156.24173pt>
File: out/008_r_1_11300100_K.pdf Graphic file (type pdf)
<use out/008_r_1_11300100_K.pdf>
Package pdftex.def Info: out/008_r_1_11300100_K.pdf  used on input line 3.
(pdftex.def)             Requested size: 177.83394pt x 156.24133pt.
File: out/008_r_1_11300100_K.pdf Graphic file (type pdf)
<use out/008_r_1_11300100_K.pdf>
Package pdftex.def Info: out/008_r_1_11300100_K.pdf  used on input line 3.
(pdftex.def)             Requested size: 177.83394pt x 156.24133pt.

out/008_r_1_11300100_K width=177.83394pt, hight=156.24133pt, pagewidth=143.4012
6pt, pageheight=729.6886pt
File: out/008_r_1_11300100_K.pdf Graphic file (type pdf)
<use out/008_r_1_11300100_K.pdf>
Package pdftex.def Info: out/008_r_1_11300100_K.pdf  used on input line 3.
(pdftex.def)             Requested size: 143.40465pt x 125.99245pt.
<out/008_r_1_11300100_R.pdf, id=95, 177.83438pt x 156.24173pt>
File: out/008_r_1_11300100_R.pdf Graphic file (type pdf)
<use out/008_r_1_11300100_R.pdf>
Package pdftex.def Info: out/008_r_1_11300100_R.pdf  used on input line 3.
(pdftex.def)             Requested size: 177.83394pt x 156.24133pt.
File: out/008_r_1_11300100_R.pdf Graphic file (type pdf)
<use out/008_r_1_11300100_R.pdf>
Package pdftex.def Info: out/008_r_1_11300100_R.pdf  used on input line 3.
(pdftex.def)             Requested size: 177.83394pt x 156.24133pt.

out/008_r_1_11300100_R width=177.83394pt, hight=156.24133pt, pagewidth=143.4012
6pt, pageheight=729.6886pt
File: out/008_r_1_11300100_R.pdf Graphic file (type pdf)
<use out/008_r_1_11300100_R.pdf>
Package pdftex.def Info: out/008_r_1_11300100_R.pdf  used on input line 3.
(pdftex.def)             Requested size: 143.40465pt x 125.99245pt.
 [2 <./out/001_r_0_10300000_L.pdf> <./out/001_r_0_10300000_K.pdf> <./out/001_r_
0_10300000_R.pdf> <./out/003_r_0_11300100_L.pdf> <./out/003_r_0_11300100_K.pdf>
 <./out/003_r_0_11300100_R.pdf> <./out/006_r_1_10300000_L.pdf> <./out/006_r_1_1
0300000_K.pdf> <./out/006_r_1_10300000_R.pdf>]
(./out/009_r_1_constraints.tex)
<out/011_r_2_10300000_L.pdf, id=164, 181.9598pt x 238.87946pt>
File: out/011_r_2_10300000_L.pdf Graphic file (type pdf)
<use out/011_r_2_10300000_L.pdf>
Package pdftex.def Info: out/011_r_2_10300000_L.pdf  used on input line 4.
(pdftex.def)             Requested size: 181.95934pt x 238.87886pt.
File: out/011_r_2_10300000_L.pdf Graphic file (type pdf)
<use out/011_r_2_10300000_L.pdf>
Package pdftex.def Info: out/011_r_2_10300000_L.pdf  used on input line 4.
(pdftex.def)             Requested size: 181.95934pt x 238.87886pt.

out/011_r_2_10300000_L width=181.95934pt, hight=238.87886pt, pagewidth=143.4012
6pt, pageheight=729.6886pt
File: out/011_r_2_10300000_L.pdf Graphic file (type pdf)
<use out/011_r_2_10300000_L.pdf>
Package pdftex.def Info: out/011_r_2_10300000_L.pdf  used on input line 4.
(pdftex.def)             Requested size: 143.40514pt x 188.26436pt.
<out/011_r_2_10300000_K.pdf, id=165, 181.9598pt x 238.87946pt>
File: out/011_r_2_10300000_K.pdf Graphic file (type pdf)
<use out/011_r_2_10300000_K.pdf>
Package pdftex.def Info: out/011_r_2_10300000_K.pdf  used on input line 4.
(pdftex.def)             Requested size: 181.95934pt x 238.87886pt.
File: out/011_r_2_10300000_K.pdf Graphic file (type pdf)
<use out/011_r_2_10300000_K.pdf>
Package pdftex.def Info: out/011_r_2_10300000_K.pdf  used on input line 4.
(pdftex.def)             Requested size: 181.95934pt x 238.87886pt.

out/011_r_2_10300000_K width=181.95934pt, hight=238.87886pt, pagewidth=143.4012
6pt, pageheight=729.6886pt
File: out/011_r_2_10300000_K.pdf Graphic file (type pdf)
<use out/011_r_2_10300000_K.pdf>
Package pdftex.def Info: out/011_r_2_10300000_K.pdf  used on input line 4.
(pdftex.def)             Requested size: 143.40514pt x 188.26436pt.
<out/011_r_2_10300000_R.pdf, id=166, 181.9598pt x 238.87946pt>
File: out/011_r_2_10300000_R.pdf Graphic file (type pdf)
<use out/011_r_2_10300000_R.pdf>
Package pdftex.def Info: out/011_r_2_10300000_R.pdf  used on input line 4.
(pdftex.def)             Requested size: 181.95934pt x 238.87886pt.
File: out/011_r_2_10300000_R.pdf Graphic file (type pdf)
<use out/011_r_2_10300000_R.pdf>
Package pdftex.def Info: out/011_r_2_10300000_R.pdf  used on input line 4.
(pdftex.def)             Requested size: 181.95934pt x 238.87886pt.

out/011_r_2_10300000_R width=181.95934pt, hight=238.87886pt, pagewidth=143.4012
6pt, pageheight=729.6886pt
File: out/011_r_2_10300000_R.pdf Graphic file (type pdf)
<use out/011_r_2_10300000_R.pdf>
Package pdftex.def Info: out/011_r_2_10300000_R.pdf  used on input line 4.
(pdftex.def)             Requested size: 143.40514pt x 188.26436pt.
<out/013_r_2_11300100_L.pdf, id=167, 247.31699pt x 155.0894pt>
File: out/013_r_2_11300100_L.pdf Graphic file (type pdf)
<use out/013_r_2_11300100_L.pdf>
Package pdftex.def Info: out/013_r_2_11300100_L.pdf  used on input line 4.
(pdftex.def)             Requested size: 247.31638pt x 155.08902pt.
File: out/013_r_2_11300100_L.pdf Graphic file (type pdf)
<use out/013_r_2_11300100_L.pdf>
Package pdftex.def Info: out/013_r_2_11300100_L.pdf  used on input line 4.
(pdftex.def)             Requested size: 247.31638pt x 155.08902pt.

out/013_r_2_11300100_L width=247.31638pt, hight=155.08902pt, pagewidth=143.4012
6pt, pageheight=729.6886pt
File: out/013_r_2_11300100_L.pdf Graphic file (type pdf)
<use out/013_r_2_11300100_L.pdf>
Package pdftex.def Info: out/013_r_2_11300100_L.pdf  used on input line 4.
(pdftex.def)             Requested size: 143.40244pt x 89.92587pt.
<out/013_r_2_11300100_K.pdf, id=168, 247.31699pt x 155.0894pt>
File: out/013_r_2_11300100_K.pdf Graphic file (type pdf)
<use out/013_r_2_11300100_K.pdf>
Package pdftex.def Info: out/013_r_2_11300100_K.pdf  used on input line 4.
(pdftex.def)             Requested size: 247.31638pt x 155.08902pt.
File: out/013_r_2_11300100_K.pdf Graphic file (type pdf)
<use out/013_r_2_11300100_K.pdf>
Package pdftex.def Info: out/013_r_2_11300100_K.pdf  used on input line 4.
(pdftex.def)             Requested size: 247.31638pt x 155.08902pt.

out/013_r_2_11300100_K width=247.31638pt, hight=155.08902pt, pagewidth=143.4012
6pt, pageheight=729.6886pt
File: out/013_r_2_11300100_K.pdf Graphic file (type pdf)
<use out/013_r_2_11300100_K.pdf>
Package pdftex.def Info: out/013_r_2_11300100_K.pdf  used on input line 4.
(pdftex.def)             Requested size: 143.40244pt x 89.92587pt.
<out/013_r_2_11300100_R.pdf, id=169, 247.31699pt x 155.0894pt>
File: out/013_r_2_11300100_R.pdf Graphic file (type pdf)
<use out/013_r_2_11300100_R.pdf>
Package pdftex.def Info: out/013_r_2_11300100_R.pdf  used on input line 4.
(pdftex.def)             Requested size: 247.31638pt x 155.08902pt.
File: out/013_r_2_11300100_R.pdf Graphic file (type pdf)
<use out/013_r_2_11300100_R.pdf>
Package pdftex.def Info: out/013_r_2_11300100_R.pdf  used on input line 4.
(pdftex.def)             Requested size: 247.31638pt x 155.08902pt.

out/013_r_2_11300100_R width=247.31638pt, hight=155.08902pt, pagewidth=143.4012
6pt, pageheight=729.6886pt
File: out/013_r_2_11300100_R.pdf Graphic file (type pdf)
<use out/013_r_2_11300100_R.pdf>
Package pdftex.def Info: out/013_r_2_11300100_R.pdf  used on input line 4.
(pdftex.def)             Requested size: 143.40244pt x 89.92587pt.
 (./out/014_r_2_constraints.tex)
<out/016_r_3_10300000_L.pdf, id=170, 202.39415pt x 217.91814pt>
File: out/016_r_3_10300000_L.pdf Graphic file (type pdf)
<use out/016_r_3_10300000_L.pdf>
Package pdftex.def Info: out/016_r_3_10300000_L.pdf  used on input line 5.
(pdftex.def)             Requested size: 202.39365pt x 217.9176pt.
File: out/016_r_3_10300000_L.pdf Graphic file (type pdf)
<use out/016_r_3_10300000_L.pdf>
Package pdftex.def Info: out/016_r_3_10300000_L.pdf  used on input line 5.
(pdftex.def)             Requested size: 202.39365pt x 217.9176pt.

out/016_r_3_10300000_L width=202.39365pt, hight=217.9176pt, pagewidth=143.40126
pt, pageheight=729.6886pt
File: out/016_r_3_10300000_L.pdf Graphic file (type pdf)
<use out/016_r_3_10300000_L.pdf>
Package pdftex.def Info: out/016_r_3_10300000_L.pdf  used on input line 5.
(pdftex.def)             Requested size: 143.40128pt x 154.4004pt.
<out/016_r_3_10300000_K.pdf, id=171, 202.39415pt x 217.91814pt>
File: out/016_r_3_10300000_K.pdf Graphic file (type pdf)
<use out/016_r_3_10300000_K.pdf>
Package pdftex.def Info: out/016_r_3_10300000_K.pdf  used on input line 5.
(pdftex.def)             Requested size: 202.39365pt x 217.9176pt.
File: out/016_r_3_10300000_K.pdf Graphic file (type pdf)
<use out/016_r_3_10300000_K.pdf>
Package pdftex.def Info: out/016_r_3_10300000_K.pdf  used on input line 5.
(pdftex.def)             Requested size: 202.39365pt x 217.9176pt.

out/016_r_3_10300000_K width=202.39365pt, hight=217.9176pt, pagewidth=143.40126
pt, pageheight=729.6886pt
File: out/016_r_3_10300000_K.pdf Graphic file (type pdf)
<use out/016_r_3_10300000_K.pdf>
Package pdftex.def Info: out/016_r_3_10300000_K.pdf  used on input line 5.
(pdftex.def)             Requested size: 143.40128pt x 154.4004pt.
<out/016_r_3_10300000_R.pdf, id=172, 202.39415pt x 217.91814pt>
File: out/016_r_3_10300000_R.pdf Graphic file (type pdf)
<use out/016_r_3_10300000_R.pdf>
Package pdftex.def Info: out/016_r_3_10300000_R.pdf  used on input line 5.
(pdftex.def)             Requested size: 202.39365pt x 217.9176pt.
File: out/016_r_3_10300000_R.pdf Graphic file (type pdf)
<use out/016_r_3_10300000_R.pdf>
Package pdftex.def Info: out/016_r_3_10300000_R.pdf  used on input line 5.
(pdftex.def)             Requested size: 202.39365pt x 217.9176pt.

out/016_r_3_10300000_R width=202.39365pt, hight=217.9176pt, pagewidth=143.40126
pt, pageheight=729.6886pt
File: out/016_r_3_10300000_R.pdf Graphic file (type pdf)
<use out/016_r_3_10300000_R.pdf>
Package pdftex.def Info: out/016_r_3_10300000_R.pdf  used on input line 5.
(pdftex.def)             Requested size: 143.40128pt x 154.4004pt.
 [3 <./out/008_r_1_11300100_L.pdf> <./out/008_r_1_11300100_K.pdf> <./out/008_r_
1_11300100_R.pdf> <./out/011_r_2_10300000_L.pdf> <./out/011_r_2_10300000_K.pdf>
 <./out/011_r_2_10300000_R.pdf> <./out/013_r_2_11300100_L.pdf> <./out/013_r_2_1
1300100_K.pdf> <./out/013_r_2_11300100_R.pdf>]
<out/018_r_3_11300100_L.pdf, id=248, 172.92606pt x 218.02554pt>
File: out/018_r_3_11300100_L.pdf Graphic file (type pdf)
<use out/018_r_3_11300100_L.pdf>
Package pdftex.def Info: out/018_r_3_11300100_L.pdf  used on input line 5.
(pdftex.def)             Requested size: 172.92563pt x 218.025pt.
File: out/018_r_3_11300100_L.pdf Graphic file (type pdf)
<use out/018_r_3_11300100_L.pdf>
Package pdftex.def Info: out/018_r_3_11300100_L.pdf  used on input line 5.
(pdftex.def)             Requested size: 172.92563pt x 218.025pt.

out/018_r_3_11300100_L width=172.92563pt, hight=218.025pt, pagewidth=143.40126p
t, pageheight=729.6886pt
File: out/018_r_3_11300100_L.pdf Graphic file (type pdf)
<use out/018_r_3_11300100_L.pdf>
Package pdftex.def Info: out/018_r_3_11300100_L.pdf  used on input line 5.
(pdftex.def)             Requested size: 143.40193pt x 180.80145pt.
<out/018_r_3_11300100_K.pdf, id=249, 172.92606pt x 218.02554pt>
File: out/018_r_3_11300100_K.pdf Graphic file (type pdf)
<use out/018_r_3_11300100_K.pdf>
Package pdftex.def Info: out/018_r_3_11300100_K.pdf  used on input line 5.
(pdftex.def)             Requested size: 172.92563pt x 218.025pt.
File: out/018_r_3_11300100_K.pdf Graphic file (type pdf)
<use out/018_r_3_11300100_K.pdf>
Package pdftex.def Info: out/018_r_3_11300100_K.pdf  used on input line 5.
(pdftex.def)             Requested size: 172.92563pt x 218.025pt.

out/018_r_3_11300100_K width=172.92563pt, hight=218.025pt, pagewidth=143.40126p
t, pageheight=729.6886pt
File: out/018_r_3_11300100_K.pdf Graphic file (type pdf)
<use out/018_r_3_11300100_K.pdf>
Package pdftex.def Info: out/018_r_3_11300100_K.pdf  used on input line 5.
(pdftex.def)             Requested size: 143.40193pt x 180.80145pt.
<out/018_r_3_11300100_R.pdf, id=250, 172.92606pt x 218.02554pt>
File: out/018_r_3_11300100_R.pdf Graphic file (type pdf)
<use out/018_r_3_11300100_R.pdf>
Package pdftex.def Info: out/018_r_3_11300100_R.pdf  used on input line 5.
(pdftex.def)             Requested size: 172.92563pt x 218.025pt.
File: out/018_r_3_11300100_R.pdf Graphic file (type pdf)
<use out/018_r_3_11300100_R.pdf>
Package pdftex.def Info: out/018_r_3_11300100_R.pdf  used on input line 5.
(pdftex.def)             Requested size: 172.92563pt x 218.025pt.

out/018_r_3_11300100_R width=172.92563pt, hight=218.025pt, pagewidth=143.40126p
t, pageheight=729.6886pt
File: out/018_r_3_11300100_R.pdf Graphic file (type pdf)
<use out/018_r_3_11300100_R.pdf>
Package pdftex.def Info: out/018_r_3_11300100_R.pdf  used on input line 5.
(pdftex.def)             Requested size: 143.40193pt x 180.80145pt.
 (./out/019_r_3_constraints.tex)
<out/021_r_4_10300000_L.pdf, id=251, 194.81583pt x 220.04608pt>
File: out/021_r_4_10300000_L.pdf Graphic file (type pdf)
<use out/021_r_4_10300000_L.pdf>
Package pdftex.def Info: out/021_r_4_10300000_L.pdf  used on input line 6.
(pdftex.def)             Requested size: 194.81534pt x 220.04553pt.
File: out/021_r_4_10300000_L.pdf Graphic file (type pdf)
<use out/021_r_4_10300000_L.pdf>
Package pdftex.def Info: out/021_r_4_10300000_L.pdf  used on input line 6.
(pdftex.def)             Requested size: 194.81534pt x 220.04553pt.

out/021_r_4_10300000_L width=194.81534pt, hight=220.04553pt, pagewidth=143.4012
6pt, pageheight=729.6886pt
File: out/021_r_4_10300000_L.pdf Graphic file (type pdf)
<use out/021_r_4_10300000_L.pdf>
Package pdftex.def Info: out/021_r_4_10300000_L.pdf  used on input line 6.
(pdftex.def)             Requested size: 143.40044pt x 161.97198pt.
<out/021_r_4_10300000_K.pdf, id=252, 194.81583pt x 220.04608pt>
File: out/021_r_4_10300000_K.pdf Graphic file (type pdf)
<use out/021_r_4_10300000_K.pdf>
Package pdftex.def Info: out/021_r_4_10300000_K.pdf  used on input line 6.
(pdftex.def)             Requested size: 194.81534pt x 220.04553pt.
File: out/021_r_4_10300000_K.pdf Graphic file (type pdf)
<use out/021_r_4_10300000_K.pdf>
Package pdftex.def Info: out/021_r_4_10300000_K.pdf  used on input line 6.
(pdftex.def)             Requested size: 194.81534pt x 220.04553pt.

out/021_r_4_10300000_K width=194.81534pt, hight=220.04553pt, pagewidth=143.4012
6pt, pageheight=729.6886pt
File: out/021_r_4_10300000_K.pdf Graphic file (type pdf)
<use out/021_r_4_10300000_K.pdf>
Package pdftex.def Info: out/021_r_4_10300000_K.pdf  used on input line 6.
(pdftex.def)             Requested size: 143.40044pt x 161.97198pt.
<out/021_r_4_10300000_R.pdf, id=253, 194.81583pt x 220.04608pt>
File: out/021_r_4_10300000_R.pdf Graphic file (type pdf)
<use out/021_r_4_10300000_R.pdf>
Package pdftex.def Info: out/021_r_4_10300000_R.pdf  used on input line 6.
(pdftex.def)             Requested size: 194.81534pt x 220.04553pt.
File: out/021_r_4_10300000_R.pdf Graphic file (type pdf)
<use out/021_r_4_10300000_R.pdf>
Package pdftex.def Info: out/021_r_4_10300000_R.pdf  used on input line 6.
(pdftex.def)             Requested size: 194.81534pt x 220.04553pt.

out/021_r_4_10300000_R width=194.81534pt, hight=220.04553pt, pagewidth=143.4012
6pt, pageheight=729.6886pt
File: out/021_r_4_10300000_R.pdf Graphic file (type pdf)
<use out/021_r_4_10300000_R.pdf>
Package pdftex.def Info: out/021_r_4_10300000_R.pdf  used on input line 6.
(pdftex.def)             Requested size: 143.40044pt x 161.97198pt.
<out/023_r_4_11300100_L.pdf, id=254, 174.05728pt x 177.66376pt>
File: out/023_r_4_11300100_L.pdf Graphic file (type pdf)
<use out/023_r_4_11300100_L.pdf>
Package pdftex.def Info: out/023_r_4_11300100_L.pdf  used on input line 6.
(pdftex.def)             Requested size: 174.05684pt x 177.66331pt.
File: out/023_r_4_11300100_L.pdf Graphic file (type pdf)
<use out/023_r_4_11300100_L.pdf>
Package pdftex.def Info: out/023_r_4_11300100_L.pdf  used on input line 6.
(pdftex.def)             Requested size: 174.05684pt x 177.66331pt.

out/023_r_4_11300100_L width=174.05684pt, hight=177.66331pt, pagewidth=143.4012
6pt, pageheight=729.6886pt
File: out/023_r_4_11300100_L.pdf Graphic file (type pdf)
<use out/023_r_4_11300100_L.pdf>
Package pdftex.def Info: out/023_r_4_11300100_L.pdf  used on input line 6.
(pdftex.def)             Requested size: 143.40779pt x 146.37921pt.
<out/023_r_4_11300100_K.pdf, id=255, 174.05728pt x 177.66376pt>
File: out/023_r_4_11300100_K.pdf Graphic file (type pdf)
<use out/023_r_4_11300100_K.pdf>
Package pdftex.def Info: out/023_r_4_11300100_K.pdf  used on input line 6.
(pdftex.def)             Requested size: 174.05684pt x 177.66331pt.
File: out/023_r_4_11300100_K.pdf Graphic file (type pdf)
<use out/023_r_4_11300100_K.pdf>
Package pdftex.def Info: out/023_r_4_11300100_K.pdf  used on input line 6.
(pdftex.def)             Requested size: 174.05684pt x 177.66331pt.

out/023_r_4_11300100_K width=174.05684pt, hight=177.66331pt, pagewidth=143.4012
6pt, pageheight=729.6886pt
File: out/023_r_4_11300100_K.pdf Graphic file (type pdf)
<use out/023_r_4_11300100_K.pdf>
Package pdftex.def Info: out/023_r_4_11300100_K.pdf  used on input line 6.
(pdftex.def)             Requested size: 143.40779pt x 146.37921pt.
<out/023_r_4_11300100_R.pdf, id=256, 174.05728pt x 177.66376pt>
File: out/023_r_4_11300100_R.pdf Graphic file (type pdf)
<use out/023_r_4_11300100_R.pdf>
Package pdftex.def Info: out/023_r_4_11300100_R.pdf  used on input line 6.
(pdftex.def)             Requested size: 174.05684pt x 177.66331pt.
File: out/023_r_4_11300100_R.pdf Graphic file (type pdf)
<use out/023_r_4_11300100_R.pdf>
Package pdftex.def Info: out/023_r_4_11300100_R.pdf  used on input line 6.
(pdftex.def)             Requested size: 174.05684pt x 177.66331pt.

out/023_r_4_11300100_R width=174.05684pt, hight=177.66331pt, pagewidth=143.4012
6pt, pageheight=729.6886pt
File: out/023_r_4_11300100_R.pdf Graphic file (type pdf)
<use out/023_r_4_11300100_R.pdf>
Package pdftex.def Info: out/023_r_4_11300100_R.pdf  used on input line 6.
(pdftex.def)             Requested size: 143.40779pt x 146.37921pt.
 [4 <./out/016_r_3_10300000_L.pdf> <./out/016_r_3_10300000_K.pdf> <./out/016_r_
3_10300000_R.pdf> <./out/018_r_3_11300100_L.pdf> <./out/018_r_3_11300100_K.pdf>
 <./out/018_r_3_11300100_R.pdf> <./out/021_r_4_10300000_L.pdf> <./out/021_r_4_1
0300000_K.pdf> <./out/021_r_4_10300000_R.pdf>]
(./out/024_r_4_constraints.tex)
<out/026_r_5_10300000_L.pdf, id=320, 262.87611pt x 180.41603pt>
File: out/026_r_5_10300000_L.pdf Graphic file (type pdf)
<use out/026_r_5_10300000_L.pdf>
Package pdftex.def Info: out/026_r_5_10300000_L.pdf  used on input line 7.
(pdftex.def)             Requested size: 262.87546pt x 180.41559pt.
File: out/026_r_5_10300000_L.pdf Graphic file (type pdf)
<use out/026_r_5_10300000_L.pdf>
Package pdftex.def Info: out/026_r_5_10300000_L.pdf  used on input line 7.
(pdftex.def)             Requested size: 262.87546pt x 180.41559pt.

out/026_r_5_10300000_L width=262.87546pt, hight=180.41559pt, pagewidth=143.4012
6pt, pageheight=729.6886pt
File: out/026_r_5_10300000_L.pdf Graphic file (type pdf)
<use out/026_r_5_10300000_L.pdf>
Package pdftex.def Info: out/026_r_5_10300000_L.pdf  used on input line 7.
(pdftex.def)             Requested size: 143.399pt x 98.417pt.
<out/026_r_5_10300000_K.pdf, id=321, 262.87611pt x 180.41603pt>
File: out/026_r_5_10300000_K.pdf Graphic file (type pdf)
<use out/026_r_5_10300000_K.pdf>
Package pdftex.def Info: out/026_r_5_10300000_K.pdf  used on input line 7.
(pdftex.def)             Requested size: 262.87546pt x 180.41559pt.
File: out/026_r_5_10300000_K.pdf Graphic file (type pdf)
<use out/026_r_5_10300000_K.pdf>
Package pdftex.def Info: out/026_r_5_10300000_K.pdf  used on input line 7.
(pdftex.def)             Requested size: 262.87546pt x 180.41559pt.

out/026_r_5_10300000_K width=262.87546pt, hight=180.41559pt, pagewidth=143.4012
6pt, pageheight=729.6886pt
File: out/026_r_5_10300000_K.pdf Graphic file (type pdf)
<use out/026_r_5_10300000_K.pdf>
Package pdftex.def Info: out/026_r_5_10300000_K.pdf  used on input line 7.
(pdftex.def)             Requested size: 143.399pt x 98.417pt.
<out/026_r_5_10300000_R.pdf, id=322, 262.87611pt x 180.41603pt>
File: out/026_r_5_10300000_R.pdf Graphic file (type pdf)
<use out/026_r_5_10300000_R.pdf>
Package pdftex.def Info: out/026_r_5_10300000_R.pdf  used on input line 7.
(pdftex.def)             Requested size: 262.87546pt x 180.41559pt.
File: out/026_r_5_10300000_R.pdf Graphic file (type pdf)
<use out/026_r_5_10300000_R.pdf>
Package pdftex.def Info: out/026_r_5_10300000_R.pdf  used on input line 7.
(pdftex.def)             Requested size: 262.87546pt x 180.41559pt.

out/026_r_5_10300000_R width=262.87546pt, hight=180.41559pt, pagewidth=143.4012
6pt, pageheight=729.6886pt
File: out/026_r_5_10300000_R.pdf Graphic file (type pdf)
<use out/026_r_5_10300000_R.pdf>
Package pdftex.def Info: out/026_r_5_10300000_R.pdf  used on input line 7.
(pdftex.def)             Requested size: 143.399pt x 98.417pt.
<out/028_r_5_11300100_L.pdf, id=323, 188.172pt x 182.74976pt>
File: out/028_r_5_11300100_L.pdf Graphic file (type pdf)
<use out/028_r_5_11300100_L.pdf>
Package pdftex.def Info: out/028_r_5_11300100_L.pdf  used on input line 7.
(pdftex.def)             Requested size: 188.17152pt x 182.7493pt.
File: out/028_r_5_11300100_L.pdf Graphic file (type pdf)
<use out/028_r_5_11300100_L.pdf>
Package pdftex.def Info: out/028_r_5_11300100_L.pdf  used on input line 7.
(pdftex.def)             Requested size: 188.17152pt x 182.7493pt.

out/028_r_5_11300100_L width=188.17152pt, hight=182.7493pt, pagewidth=143.40126
pt, pageheight=729.6886pt
File: out/028_r_5_11300100_L.pdf Graphic file (type pdf)
<use out/028_r_5_11300100_L.pdf>
Package pdftex.def Info: out/028_r_5_11300100_L.pdf  used on input line 7.
(pdftex.def)             Requested size: 143.4113pt x 139.27885pt.
<out/028_r_5_11300100_K.pdf, id=324, 188.172pt x 182.74976pt>
File: out/028_r_5_11300100_K.pdf Graphic file (type pdf)
<use out/028_r_5_11300100_K.pdf>
Package pdftex.def Info: out/028_r_5_11300100_K.pdf  used on input line 7.
(pdftex.def)             Requested size: 188.17152pt x 182.7493pt.
File: out/028_r_5_11300100_K.pdf Graphic file (type pdf)
<use out/028_r_5_11300100_K.pdf>
Package pdftex.def Info: out/028_r_5_11300100_K.pdf  used on input line 7.
(pdftex.def)             Requested size: 188.17152pt x 182.7493pt.

out/028_r_5_11300100_K width=188.17152pt, hight=182.7493pt, pagewidth=143.40126
pt, pageheight=729.6886pt
File: out/028_r_5_11300100_K.pdf Graphic file (type pdf)
<use out/028_r_5_11300100_K.pdf>
Package pdftex.def Info: out/028_r_5_11300100_K.pdf  used on input line 7.
(pdftex.def)             Requested size: 143.4113pt x 139.27885pt.
<out/028_r_5_11300100_R.pdf, id=325, 188.172pt x 182.74976pt>
File: out/028_r_5_11300100_R.pdf Graphic file (type pdf)
<use out/028_r_5_11300100_R.pdf>
Package pdftex.def Info: out/028_r_5_11300100_R.pdf  used on input line 7.
(pdftex.def)             Requested size: 188.17152pt x 182.7493pt.
File: out/028_r_5_11300100_R.pdf Graphic file (type pdf)
<use out/028_r_5_11300100_R.pdf>
Package pdftex.def Info: out/028_r_5_11300100_R.pdf  used on input line 7.
(pdftex.def)             Requested size: 188.17152pt x 182.7493pt.

out/028_r_5_11300100_R width=188.17152pt, hight=182.7493pt, pagewidth=143.40126
pt, pageheight=729.6886pt
File: out/028_r_5_11300100_R.pdf Graphic file (type pdf)
<use out/028_r_5_11300100_R.pdf>
Package pdftex.def Info: out/028_r_5_11300100_R.pdf  used on input line 7.
(pdftex.def)             Requested size: 143.4113pt x 139.27885pt.
 (./out/029_r_5_constraints.tex)
<out/031_r_6_10300000_L.pdf, id=326, 262.87611pt x 180.41603pt>
File: out/031_r_6_10300000_L.pdf Graphic file (type pdf)
<use out/031_r_6_10300000_L.pdf>
Package pdftex.def Info: out/031_r_6_10300000_L.pdf  used on input line 8.
(pdftex.def)             Requested size: 262.87546pt x 180.41559pt.
File: out/031_r_6_10300000_L.pdf Graphic file (type pdf)
<use out/031_r_6_10300000_L.pdf>
Package pdftex.def Info: out/031_r_6_10300000_L.pdf  used on input line 8.
(pdftex.def)             Requested size: 262.87546pt x 180.41559pt.

out/031_r_6_10300000_L width=262.87546pt, hight=180.41559pt, pagewidth=143.4012
6pt, pageheight=729.6886pt
File: out/031_r_6_10300000_L.pdf Graphic file (type pdf)
<use out/031_r_6_10300000_L.pdf>
Package pdftex.def Info: out/031_r_6_10300000_L.pdf  used on input line 8.
(pdftex.def)             Requested size: 143.399pt x 98.417pt.
<out/031_r_6_10300000_K.pdf, id=327, 262.87611pt x 180.41603pt>
File: out/031_r_6_10300000_K.pdf Graphic file (type pdf)
<use out/031_r_6_10300000_K.pdf>
Package pdftex.def Info: out/031_r_6_10300000_K.pdf  used on input line 8.
(pdftex.def)             Requested size: 262.87546pt x 180.41559pt.
File: out/031_r_6_10300000_K.pdf Graphic file (type pdf)
<use out/031_r_6_10300000_K.pdf>
Package pdftex.def Info: out/031_r_6_10300000_K.pdf  used on input line 8.
(pdftex.def)             Requested size: 262.87546pt x 180.41559pt.

out/031_r_6_10300000_K width=262.87546pt, hight=180.41559pt, pagewidth=143.4012
6pt, pageheight=729.6886pt
File: out/031_r_6_10300000_K.pdf Graphic file (type pdf)
<use out/031_r_6_10300000_K.pdf>
Package pdftex.def Info: out/031_r_6_10300000_K.pdf  used on input line 8.
(pdftex.def)             Requested size: 143.399pt x 98.417pt.
<out/031_r_6_10300000_R.pdf, id=328, 262.87611pt x 180.41603pt>
File: out/031_r_6_10300000_R.pdf Graphic file (type pdf)
<use out/031_r_6_10300000_R.pdf>
Package pdftex.def Info: out/031_r_6_10300000_R.pdf  used on input line 8.
(pdftex.def)             Requested size: 262.87546pt x 180.41559pt.
File: out/031_r_6_10300000_R.pdf Graphic file (type pdf)
<use out/031_r_6_10300000_R.pdf>
Package pdftex.def Info: out/031_r_6_10300000_R.pdf  used on input line 8.
(pdftex.def)             Requested size: 262.87546pt x 180.41559pt.

out/031_r_6_10300000_R width=262.87546pt, hight=180.41559pt, pagewidth=143.4012
6pt, pageheight=729.6886pt
File: out/031_r_6_10300000_R.pdf Graphic file (type pdf)
<use out/031_r_6_10300000_R.pdf>
Package pdftex.def Info: out/031_r_6_10300000_R.pdf  used on input line 8.
(pdftex.def)             Requested size: 143.399pt x 98.417pt.
 [5 <./out/023_r_4_11300100_L.pdf> <./out/023_r_4_11300100_K.pdf> <./out/023_r_
4_11300100_R.pdf> <./out/026_r_5_10300000_L.pdf> <./out/026_r_5_10300000_K.pdf>
 <./out/026_r_5_10300000_R.pdf> <./out/028_r_5_11300100_L.pdf> <./out/028_r_5_1
1300100_K.pdf> <./out/028_r_5_11300100_R.pdf> <./out/031_r_6_10300000_L.pdf> <.
/out/031_r_6_10300000_K.pdf> <./out/031_r_6_10300000_R.pdf>]
<out/033_r_6_11300100_L.pdf, id=418, 188.172pt x 182.74976pt>
File: out/033_r_6_11300100_L.pdf Graphic file (type pdf)
<use out/033_r_6_11300100_L.pdf>
Package pdftex.def Info: out/033_r_6_11300100_L.pdf  used on input line 8.
(pdftex.def)             Requested size: 188.17152pt x 182.7493pt.
File: out/033_r_6_11300100_L.pdf Graphic file (type pdf)
<use out/033_r_6_11300100_L.pdf>
Package pdftex.def Info: out/033_r_6_11300100_L.pdf  used on input line 8.
(pdftex.def)             Requested size: 188.17152pt x 182.7493pt.

out/033_r_6_11300100_L width=188.17152pt, hight=182.7493pt, pagewidth=143.40126
pt, pageheight=729.6886pt
File: out/033_r_6_11300100_L.pdf Graphic file (type pdf)
<use out/033_r_6_11300100_L.pdf>
Package pdftex.def Info: out/033_r_6_11300100_L.pdf  used on input line 8.
(pdftex.def)             Requested size: 143.4113pt x 139.27885pt.
<out/033_r_6_11300100_K.pdf, id=419, 188.172pt x 182.74976pt>
File: out/033_r_6_11300100_K.pdf Graphic file (type pdf)
<use out/033_r_6_11300100_K.pdf>
Package pdftex.def Info: out/033_r_6_11300100_K.pdf  used on input line 8.
(pdftex.def)             Requested size: 188.17152pt x 182.7493pt.
File: out/033_r_6_11300100_K.pdf Graphic file (type pdf)
<use out/033_r_6_11300100_K.pdf>
Package pdftex.def Info: out/033_r_6_11300100_K.pdf  used on input line 8.
(pdftex.def)             Requested size: 188.17152pt x 182.7493pt.

out/033_r_6_11300100_K width=188.17152pt, hight=182.7493pt, pagewidth=143.40126
pt, pageheight=729.6886pt
File: out/033_r_6_11300100_K.pdf Graphic file (type pdf)
<use out/033_r_6_11300100_K.pdf>
Package pdftex.def Info: out/033_r_6_11300100_K.pdf  used on input line 8.
(pdftex.def)             Requested size: 143.4113pt x 139.27885pt.
<out/033_r_6_11300100_R.pdf, id=420, 188.172pt x 182.74976pt>
File: out/033_r_6_11300100_R.pdf Graphic file (type pdf)
<use out/033_r_6_11300100_R.pdf>
Package pdftex.def Info: out/033_r_6_11300100_R.pdf  used on input line 8.
(pdftex.def)             Requested size: 188.17152pt x 182.7493pt.
File: out/033_r_6_11300100_R.pdf Graphic file (type pdf)
<use out/033_r_6_11300100_R.pdf>
Package pdftex.def Info: out/033_r_6_11300100_R.pdf  used on input line 8.
(pdftex.def)             Requested size: 188.17152pt x 182.7493pt.

out/033_r_6_11300100_R width=188.17152pt, hight=182.7493pt, pagewidth=143.40126
pt, pageheight=729.6886pt
File: out/033_r_6_11300100_R.pdf Graphic file (type pdf)
<use out/033_r_6_11300100_R.pdf>
Package pdftex.def Info: out/033_r_6_11300100_R.pdf  used on input line 8.
(pdftex.def)             Requested size: 143.4113pt x 139.27885pt.
 (./out/034_r_6_constraints.tex)
LaTeX Font Info:    Font shape `T1/lmtt/bx/n' in size <14.4> not available
(Font)              Font shape `T1/lmtt/b/n' tried instead on input line 9.
<out/054_dg_0_11100.pdf, id=421, 1966.21172pt x 1357.27376pt>
File: out/054_dg_0_11100.pdf Graphic file (type pdf)
<use out/054_dg_0_11100.pdf>
Package pdftex.def Info: out/054_dg_0_11100.pdf  used on input line 9.
(pdftex.def)             Requested size: 1966.20694pt x 1357.27045pt.
File: out/054_dg_0_11100.pdf Graphic file (type pdf)
<use out/054_dg_0_11100.pdf>
Package pdftex.def Info: out/054_dg_0_11100.pdf  used on input line 9.
(pdftex.def)             Requested size: 1966.20694pt x 1357.27045pt.

out/054_dg_0_11100 width=1966.20694pt, hight=1357.27045pt, pagewidth=512.14963p
t, pageheight=729.6886pt
File: out/054_dg_0_11100.pdf Graphic file (type pdf)
<use out/054_dg_0_11100.pdf>
Package pdftex.def Info: out/054_dg_0_11100.pdf  used on input line 9.
(pdftex.def)             Requested size: 512.13306pt x 353.52487pt.
) 
AED: lastpage setting LastPage
[6 <./out/033_r_6_11300100_L.pdf> <./out/033_r_6_11300100_K.pdf> <./out/033_r_6
_11300100_R.pdf> <./out/054_dg_0_11100.pdf>] (summary/summary.aux)
Package rerunfilecheck Info: File `summary.out' has not changed.
(rerunfilecheck)             Checksum: 4FC5D3119306419863ABB0030141BFC8;1765.
 ) ) 
Here is how much of TeX's memory you used:
 41856 strings out of 480171
 1001177 string characters out of 5894489
 1347437 words of memory out of 5000000
 59043 multiletter control sequences out of 15000+600000
 513290 words of font info for 69 fonts, out of 8000000 for 9000
 59 hyphenation exceptions out of 8191
 108i,12n,109p,798b,840s stack positions out of 5000i,500n,10000p,200000b,80000s
{/usr/share/texmf/fonts/enc/dvips/lm/lm-ec.enc}{/usr/share/texmf/fonts/enc/
dvips/lm/lm-mathit.enc}</usr/share/texlive/texmf-dist/fonts/type1/public/amsfon
ts/cm/cmmi12.pfb></usr/share/texlive/texmf-dist/fonts/type1/public/amsfonts/cm/
cmr12.pfb></usr/share/texlive/texmf-dist/fonts/type1/public/amsfonts/cm/cmr8.pf
b></usr/share/texlive/texmf-dist/fonts/type1/public/amsfonts/cm/cmsy10.pfb></us
r/share/texmf/fonts/type1/public/lm/lmbx12.pfb></usr/share/texmf/fonts/type1/pu
blic/lm/lmmi12.pfb></usr/share/texmf/fonts/type1/public/lm/lmr12.pfb></usr/shar
e/texmf/fonts/type1/public/lm/lmr17.pfb></usr/share/texmf/fonts/type1/public/lm
/lmtk10.pfb></usr/share/texmf/fonts/type1/public/lm/lmtt12.pfb>
Output written on summary/summary.pdf (7 pages, 344096 bytes).
PDF statistics:
 582 PDF objects out of 1000 (max. 8388607)
 403 compressed objects within 5 object streams
 16 named destinations out of 1000 (max. 500000)
 388 words of extra memory for PDF output out of 10000 (max. 10000000)

